2024-11-26 10:55:11,360 [INFO] Activator:176 - 


2024-11-26 10:55:11,367 [INFO] Activator:177 - !SESSION log4j initialized
2024-11-26 10:55:18,800 [INFO] LogOutputStream:77 - [STDOUT_REDIRECT] 
2024-11-26 10:55:20,097 [INFO] ApplicationProperties:184 - Using Application install path: /opt/st/stm32cubeide_1.16.1/plugins/com.st.stm32cube.common.mx_6.12.1.202409122256
2024-11-26 10:55:20,128 [INFO] DbMcusXml:78 - Set database path to: /opt/st/stm32cubeide_1.16.1/plugins/com.st.stm32cube.common.mx_6.12.1.202409122256//db//mcu/
2024-11-26 10:55:20,128 [INFO] ApiDb:274 - Set plugin database path to: /opt/st/stm32cubeide_1.16.1/plugins/com.st.stm32cube.common.mx_6.12.1.202409122256//db//plugins/boardmanager/
2024-11-26 10:55:20,128 [WARN] ApiDb:259 - Overriding images path with different value:  => /opt/st/stm32cubeide_1.16.1/plugins/com.st.stm32cube.common.mx_6.12.1.202409122256//db//plugins/mcufinder/images/
2024-11-26 10:55:20,141 [INFO] ApiDb:250 - Set database path to: /home/adam/.stmcufinder/plugins/mcufinder//mcu/
2024-11-26 10:55:20,143 [INFO] DbMcusAds:125 - Set database path to: /home/adam/.stmcufinder/plugins/mcufinder//mcu/
2024-11-26 10:55:20,148 [INFO] CrossReferenceDbSqlite:203 - Set database path to: /home/adam/.stmcufinder/plugins/mcufinder//mcu/cs/
2024-11-26 10:55:20,330 [INFO] RulesReader:64 - Compatibility file has been processed (297 Rules)
2024-11-26 10:55:20,434 [INFO] DbMcusXml:78 - Set database path to: /opt/st/stm32cubeide_1.16.1/plugins/com.st.stm32cube.common.mx_6.12.1.202409122256//db//mcu/
2024-11-26 10:55:20,434 [INFO] ApiDb:274 - Set plugin database path to: /opt/st/stm32cubeide_1.16.1/plugins/com.st.stm32cube.common.mx_6.12.1.202409122256//db//plugins/boardmanager/
2024-11-26 10:55:20,434 [INFO] ApiDb:261 - Set plugin images path to: /opt/st/stm32cubeide_1.16.1/plugins/com.st.stm32cube.common.mx_6.12.1.202409122256//db//plugins/mcufinder/images/
2024-11-26 10:55:20,434 [WARN] DbFile:41 - Overriding database path with different value: /home/adam/.stmcufinder/plugins/mcufinder/ => /home/adam/.stmcufinder/plugins/mcufinder
2024-11-26 10:55:20,435 [INFO] ApiDb:250 - Set database path to: /home/adam/.stmcufinder/plugins/mcufinder//mcu/
2024-11-26 10:55:20,435 [WARN] DbFile:41 - Overriding database path with different value: /home/adam/.stmcufinder/plugins/mcufinder/ => /home/adam/.stmcufinder/plugins/mcufinder
2024-11-26 10:55:20,435 [INFO] DbMcusAds:125 - Set database path to: /home/adam/.stmcufinder/plugins/mcufinder//mcu/
2024-11-26 10:55:20,435 [WARN] DbFile:41 - Overriding database path with different value: /home/adam/.stmcufinder/plugins/mcufinder/ => /home/adam/.stmcufinder/plugins/mcufinder
2024-11-26 10:55:20,435 [WARN] DbFile:41 - Overriding database path with different value: /home/adam/.stmcufinder/plugins/mcufinder/ => /home/adam/.stmcufinder/plugins/mcufinder
2024-11-26 10:55:20,435 [INFO] CrossReferenceDbSqlite:203 - Set database path to: /home/adam/.stmcufinder/plugins/mcufinder//mcu/cs/
2024-11-26 10:55:20,580 [INFO] MainPanel:268 - HeapMemory: 268435456
2024-11-26 10:55:20,784 [INFO] DbMcusXml:78 - Set database path to: /opt/st/stm32cubeide_1.16.1/plugins/com.st.stm32cube.common.mx_6.12.1.202409122256//db//mcu/
2024-11-26 10:55:20,785 [INFO] ApiDb:274 - Set plugin database path to: /opt/st/stm32cubeide_1.16.1/plugins/com.st.stm32cube.common.mx_6.12.1.202409122256//db//plugins/boardmanager/
2024-11-26 10:55:20,785 [INFO] ApiDb:261 - Set plugin images path to: /opt/st/stm32cubeide_1.16.1/plugins/com.st.stm32cube.common.mx_6.12.1.202409122256//db//plugins/mcufinder/images/
2024-11-26 10:55:20,785 [WARN] DbFile:41 - Overriding database path with different value: /home/adam/.stmcufinder/plugins/mcufinder/ => /home/adam/.stmcufinder/plugins/mcufinder
2024-11-26 10:55:20,786 [INFO] ApiDb:250 - Set database path to: /home/adam/.stmcufinder/plugins/mcufinder//mcu/
2024-11-26 10:55:20,786 [WARN] DbFile:41 - Overriding database path with different value: /home/adam/.stmcufinder/plugins/mcufinder/ => /home/adam/.stmcufinder/plugins/mcufinder
2024-11-26 10:55:20,786 [INFO] DbMcusAds:125 - Set database path to: /home/adam/.stmcufinder/plugins/mcufinder//mcu/
2024-11-26 10:55:20,786 [WARN] DbFile:41 - Overriding database path with different value: /home/adam/.stmcufinder/plugins/mcufinder/ => /home/adam/.stmcufinder/plugins/mcufinder
2024-11-26 10:55:20,786 [WARN] DbFile:41 - Overriding database path with different value: /home/adam/.stmcufinder/plugins/mcufinder/ => /home/adam/.stmcufinder/plugins/mcufinder
2024-11-26 10:55:20,786 [INFO] CrossReferenceDbSqlite:203 - Set database path to: /home/adam/.stmcufinder/plugins/mcufinder//mcu/cs/
2024-11-26 10:55:20,810 [INFO] ApplicationProperties:184 - Using Application install path: /opt/st/stm32cubeide_1.16.1/plugins/com.st.stm32cube.common.mx_6.12.1.202409122256
2024-11-26 10:55:20,811 [INFO] PluginManage:196 - Search for loadable plugins [exclusion list=, ]
2024-11-26 10:55:20,813 [INFO] PluginManage:310 - Check plugin analytics
2024-11-26 10:55:21,023 [INFO] AnalyticsPlugin:253 - Accepted Software Licenses: 
2024-11-26 10:55:21,024 [INFO] AnalyticsPlugin:255 - Accepted CMSIS Pack Licenses: 
2024-11-26 10:55:21,024 [INFO] AnalyticsPlugin:257 - Accepted Firmware Licenses: FW.L4.1.18.0
2024-11-26 10:55:21,029 [INFO] PluginManage:359 - Loaded plugin analytics (category:tool,tabindex:-1)
2024-11-26 10:55:21,030 [INFO] PluginManage:310 - Check plugin cadmodel
2024-11-26 10:55:21,037 [INFO] CADModel:105 - Init CAD model plugin
2024-11-26 10:55:21,037 [INFO] PluginManage:359 - Loaded plugin cadmodel (category:power,tabindex:5)
2024-11-26 10:55:21,038 [INFO] PluginManage:310 - Check plugin clock
2024-11-26 10:55:21,050 [INFO] PluginManage:359 - Loaded plugin clock (category:base,tabindex:2)
2024-11-26 10:55:21,051 [INFO] PluginManage:310 - Check plugin ddr
2024-11-26 10:55:21,054 [INFO] PluginManage:359 - Loaded plugin ddr (category:tool,tabindex:6)
2024-11-26 10:55:21,055 [INFO] PluginManage:310 - Check plugin filemanager
2024-11-26 10:55:21,252 [INFO] PluginManage:359 - Loaded plugin filemanager (category:base,tabindex:10)
2024-11-26 10:55:21,252 [INFO] PluginManage:310 - Check plugin ipmanager
2024-11-26 10:55:21,260 [INFO] PluginManage:359 - Loaded plugin ipmanager (category:base,tabindex:5)
2024-11-26 10:55:21,260 [INFO] PluginManage:310 - Check plugin lpbam
2024-11-26 10:55:21,275 [INFO] PluginManage:359 - Loaded plugin lpbam (category:base,tabindex:0)
2024-11-26 10:55:21,276 [INFO] PluginManage:310 - Check plugin memorymap
2024-11-26 10:55:21,295 [INFO] PluginManage:359 - Loaded plugin memorymap (category:base,tabindex:4)
2024-11-26 10:55:21,295 [INFO] PluginManage:310 - Check plugin pinoutandconfiguration
2024-11-26 10:55:21,306 [INFO] PluginManage:359 - Loaded plugin pinoutandconfiguration (category:base,tabindex:1)
2024-11-26 10:55:21,307 [INFO] PluginManage:310 - Check plugin pinoutconfig
2024-11-26 10:55:21,443 [WARN] SupportedApi:132 - Cannot load RTOS API schema: s4s-elt-must-match.1: The content of 'definitions' must match (annotation?, (simpleType | complexType)?, (unique | key | keyref)*)). A problem was found starting at: attribute.
2024-11-26 10:55:21,685 [INFO] PluginManage:359 - Loaded plugin pinoutconfig (category:base,tabindex:0)
2024-11-26 10:55:21,686 [INFO] PluginManage:310 - Check plugin power
2024-11-26 10:55:21,704 [INFO] PluginManage:359 - Loaded plugin power (category:power,tabindex:4)
2024-11-26 10:55:21,704 [INFO] PluginManage:310 - Check plugin projectmanager
2024-11-26 10:55:21,732 [INFO] PluginManage:359 - Loaded plugin projectmanager (category:projectmanager,tabindex:4)
2024-11-26 10:55:21,732 [INFO] PluginManage:310 - Check plugin rif
2024-11-26 10:55:21,742 [INFO] PluginManage:359 - Loaded plugin rif (category:base,tabindex:3)
2024-11-26 10:55:21,742 [INFO] PluginManage:310 - Check plugin thirdparty
2024-11-26 10:55:21,958 [WARN] IntegrityCheckThread:84 - waiting for thirdparty lock release [integrity check]
2024-11-26 10:55:21,959 [INFO] PluginManage:359 - Loaded plugin thirdparty (category:base,tabindex:-1)
2024-11-26 10:55:21,959 [INFO] PluginManage:310 - Check plugin tools
2024-11-26 10:55:21,961 [INFO] IntegrityCheckThread:86 - entering critical section [integrity check]
2024-11-26 10:55:21,961 [INFO] ThirdPartyUpdaterWithRetryManager:70 - Updater plugin not ready yet. [1/15]
2024-11-26 10:55:21,967 [INFO] PluginManage:359 - Loaded plugin tools (category:base,tabindex:7)
2024-11-26 10:55:21,967 [INFO] PluginManage:310 - Check plugin tutovideos
2024-11-26 10:55:22,245 [INFO] PluginManage:359 - Loaded plugin tutovideos (category:base,tabindex:-1)
2024-11-26 10:55:22,246 [INFO] PluginManage:310 - Check plugin updater
2024-11-26 10:55:22,275 [INFO] PluginManage:359 - Loaded plugin updater (category:base,tabindex:12)
2024-11-26 10:55:22,275 [INFO] PluginManage:310 - Check plugin userauth
2024-11-26 10:55:22,285 [INFO] UserAuth:113 - Init User Auth plugin
2024-11-26 10:55:22,285 [INFO] PluginManage:359 - Loaded plugin userauth (category:base,tabindex:14)
2024-11-26 10:55:22,285 [INFO] PluginManage:283 - PluginManage : Loaded plugins [18]
2024-11-26 10:55:22,522 [INFO] PinOutPanel:1561 - setPackage(No Configuration,No Configuration)
2024-11-26 10:55:22,658 [INFO] CADModel:165 - CPN selected for project level
2024-11-26 10:55:22,658 [INFO] CADModel:114 - Register for checkConnection events
2024-11-26 10:55:22,679 [INFO] IPUIPlugin:80 - create IPUIPlugin
2024-11-26 10:55:22,679 [INFO] PluginManager:220 - loadIPPluginJar : add lorawan
2024-11-26 10:55:22,682 [INFO] IPUIPlugin:80 - create IPUIPlugin
2024-11-26 10:55:22,683 [INFO] PluginManager:220 - loadIPPluginJar : add cryp
2024-11-26 10:55:22,690 [INFO] IPUIPlugin:80 - create IPUIPlugin
2024-11-26 10:55:22,691 [INFO] PluginManager:220 - loadIPPluginJar : add gic
2024-11-26 10:55:22,696 [INFO] IPUIPlugin:80 - create IPUIPlugin
2024-11-26 10:55:22,696 [INFO] PluginManager:220 - loadIPPluginJar : add touchsensing
2024-11-26 10:55:22,699 [INFO] IPUIPlugin:80 - create IPUIPlugin
2024-11-26 10:55:22,700 [INFO] PluginManager:220 - loadIPPluginJar : add dma3
2024-11-26 10:55:22,702 [INFO] IPUIPlugin:80 - create IPUIPlugin
2024-11-26 10:55:22,702 [INFO] PluginManager:220 - loadIPPluginJar : add quadspi
2024-11-26 10:55:22,706 [INFO] IPUIPlugin:80 - create IPUIPlugin
2024-11-26 10:55:22,706 [INFO] PluginManager:220 - loadIPPluginJar : add ddr_ctrl_phy
2024-11-26 10:55:22,709 [INFO] IPUIPlugin:80 - create IPUIPlugin
2024-11-26 10:55:22,710 [INFO] PluginManager:220 - loadIPPluginJar : add radio
2024-11-26 10:55:22,713 [INFO] IPUIPlugin:80 - create IPUIPlugin
2024-11-26 10:55:22,713 [INFO] PluginManager:220 - loadIPPluginJar : add ts
2024-11-26 10:55:22,719 [INFO] IPUIPlugin:80 - create IPUIPlugin
2024-11-26 10:55:22,719 [INFO] PluginManager:220 - loadIPPluginJar : add gpio
2024-11-26 10:55:22,722 [INFO] IPUIPlugin:80 - create IPUIPlugin
2024-11-26 10:55:22,722 [INFO] PluginManager:220 - loadIPPluginJar : add ucpd
2024-11-26 10:55:22,732 [INFO] IPUIPlugin:80 - create IPUIPlugin
2024-11-26 10:55:22,733 [INFO] PluginManager:220 - loadIPPluginJar : add linkedlist
2024-11-26 10:55:22,735 [INFO] IPUIPlugin:80 - create IPUIPlugin
2024-11-26 10:55:22,735 [INFO] PluginManager:220 - loadIPPluginJar : add tim
2024-11-26 10:55:22,739 [INFO] IPUIPlugin:80 - create IPUIPlugin
2024-11-26 10:55:22,739 [INFO] PluginManager:220 - loadIPPluginJar : add aes
2024-11-26 10:55:22,742 [INFO] IPUIPlugin:80 - create IPUIPlugin
2024-11-26 10:55:22,742 [INFO] PluginManager:220 - loadIPPluginJar : add spi
2024-11-26 10:55:22,746 [INFO] IPUIPlugin:80 - create IPUIPlugin
2024-11-26 10:55:22,746 [INFO] PluginManager:220 - loadIPPluginJar : add sai
2024-11-26 10:55:22,750 [INFO] IPUIPlugin:80 - create IPUIPlugin
2024-11-26 10:55:22,750 [INFO] PluginManager:220 - loadIPPluginJar : add nvic
2024-11-26 10:55:22,753 [INFO] IPUIPlugin:80 - create IPUIPlugin
2024-11-26 10:55:22,753 [INFO] PluginManager:220 - loadIPPluginJar : add openamp
2024-11-26 10:55:22,763 [INFO] IPUIPlugin:80 - create IPUIPlugin
2024-11-26 10:55:22,767 [INFO] PluginManager:220 - loadIPPluginJar : add plateformsettings
2024-11-26 10:55:22,774 [INFO] IPUIPlugin:80 - create IPUIPlugin
2024-11-26 10:55:22,775 [INFO] PluginManager:220 - loadIPPluginJar : add freertos
2024-11-26 10:55:22,777 [INFO] IPUIPlugin:80 - create IPUIPlugin
2024-11-26 10:55:22,777 [INFO] PluginManager:220 - loadIPPluginJar : add can
2024-11-26 10:55:22,779 [INFO] IPUIPlugin:80 - create IPUIPlugin
2024-11-26 10:55:22,780 [INFO] PluginManager:220 - loadIPPluginJar : add dfsdm
2024-11-26 10:55:22,786 [INFO] IPUIPlugin:80 - create IPUIPlugin
2024-11-26 10:55:22,786 [INFO] PluginManager:220 - loadIPPluginJar : add fmc
2024-11-26 10:55:22,787 [INFO] IPUIPlugin:80 - create IPUIPlugin
2024-11-26 10:55:22,787 [INFO] PluginManager:220 - loadIPPluginJar : add fatfs
2024-11-26 10:55:22,789 [INFO] IPUIPlugin:80 - create IPUIPlugin
2024-11-26 10:55:22,790 [INFO] PluginManager:220 - loadIPPluginJar : add tracer_emb
2024-11-26 10:55:22,795 [INFO] IPUIPlugin:80 - create IPUIPlugin
2024-11-26 10:55:22,795 [INFO] PluginManager:220 - loadIPPluginJar : add dma
2024-11-26 10:55:22,798 [INFO] IPUIPlugin:80 - create IPUIPlugin
2024-11-26 10:55:22,798 [INFO] PluginManager:220 - loadIPPluginJar : add extmemmanager
2024-11-26 10:55:22,802 [INFO] IPUIPlugin:80 - create IPUIPlugin
2024-11-26 10:55:22,802 [INFO] PluginManager:220 - loadIPPluginJar : add i3c
2024-11-26 10:55:22,805 [INFO] IPUIPlugin:80 - create IPUIPlugin
2024-11-26 10:55:22,806 [INFO] PluginManager:220 - loadIPPluginJar : add gfxmmu
2024-11-26 10:55:22,809 [INFO] IPUIPlugin:80 - create IPUIPlugin
2024-11-26 10:55:22,809 [INFO] PluginManager:220 - loadIPPluginJar : add i2c
2024-11-26 10:55:22,817 [INFO] IPUIPlugin:80 - create IPUIPlugin
2024-11-26 10:55:22,817 [INFO] PluginManager:220 - loadIPPluginJar : add stm32_wpan
2024-11-26 10:55:22,827 [INFO] IPUIPlugin:80 - create IPUIPlugin
2024-11-26 10:55:22,827 [INFO] PluginManager:220 - loadIPPluginJar : add mdma
2024-11-26 10:55:22,831 [INFO] IPUIPlugin:80 - create IPUIPlugin
2024-11-26 10:55:22,831 [INFO] PluginManager:220 - loadIPPluginJar : add pdm2pcm
2024-11-26 10:55:22,836 [INFO] IPUIPlugin:80 - create IPUIPlugin
2024-11-26 10:55:22,836 [INFO] PluginManager:220 - loadIPPluginJar : add ipddr
2024-11-26 10:55:22,840 [INFO] IPUIPlugin:80 - create IPUIPlugin
2024-11-26 10:55:22,840 [INFO] PluginManager:220 - loadIPPluginJar : add opamp
2024-11-26 10:55:22,844 [INFO] IPUIPlugin:80 - create IPUIPlugin
2024-11-26 10:55:22,845 [INFO] PluginManager:220 - loadIPPluginJar : add gtzc
2024-11-26 10:55:22,847 [INFO] IPUIPlugin:80 - create IPUIPlugin
2024-11-26 10:55:22,847 [INFO] PluginManager:220 - loadIPPluginJar : add ltdc
2024-11-26 10:55:22,851 [INFO] IPUIPlugin:80 - create IPUIPlugin
2024-11-26 10:55:22,851 [INFO] PluginManager:220 - loadIPPluginJar : add usbx
2024-11-26 10:55:22,854 [INFO] IPUIPlugin:80 - create IPUIPlugin
2024-11-26 10:55:22,854 [INFO] PluginManager:220 - loadIPPluginJar : add hash
2024-11-26 10:55:22,858 [INFO] IPUIPlugin:80 - create IPUIPlugin
2024-11-26 10:55:22,858 [INFO] PluginManager:220 - loadIPPluginJar : add usart
2024-11-26 10:55:22,860 [INFO] IPUIPlugin:80 - create IPUIPlugin
2024-11-26 10:55:22,860 [INFO] PluginManager:220 - loadIPPluginJar : add tsc
2024-11-26 10:55:22,864 [INFO] IPUIPlugin:80 - create IPUIPlugin
2024-11-26 10:55:22,864 [INFO] PluginManager:220 - loadIPPluginJar : add resmgrutility
2024-11-26 10:55:22,866 [INFO] IPUIPlugin:80 - create IPUIPlugin
2024-11-26 10:55:22,866 [INFO] PluginManager:220 - loadIPPluginJar : add comp
2024-11-26 10:55:22,868 [INFO] IPUIPlugin:80 - create IPUIPlugin
2024-11-26 10:55:22,868 [INFO] PluginManager:220 - loadIPPluginJar : add i2s
2024-11-26 10:55:22,870 [INFO] IPUIPlugin:80 - create IPUIPlugin
2024-11-26 10:55:22,870 [INFO] PluginManager:220 - loadIPPluginJar : add genericplugin
2024-11-26 10:55:22,878 [INFO] IPUIPlugin:80 - create IPUIPlugin
2024-11-26 10:55:22,878 [INFO] PluginManager:220 - loadIPPluginJar : add adc
2024-11-26 10:55:22,987 [INFO] CADModel:165 - CPN selected for project level
2024-11-26 10:55:22,987 [INFO] CADModel:114 - Register for checkConnection events
2024-11-26 10:55:22,987 [FATAL] Updater:334 - Updater called before beeing initialized
2024-11-26 10:55:22,987 [ERROR] CADModel:125 - Updater not yet initialized, retry later 
2024-11-26 10:55:23,167 [INFO] CADModel:165 - CPN selected for project level
2024-11-26 10:55:23,168 [INFO] CADModel:114 - Register for checkConnection events
2024-11-26 10:55:23,168 [FATAL] Updater:334 - Updater called before beeing initialized
2024-11-26 10:55:23,168 [ERROR] CADModel:125 - Updater not yet initialized, retry later 
2024-11-26 10:55:23,172 [FATAL] Updater:334 - Updater called before beeing initialized
2024-11-26 10:55:23,316 [FATAL] Updater:334 - Updater called before beeing initialized
2024-11-26 10:55:23,322 [INFO] DbMcusAds:53 - JSON generation date=Fri Sep 20 15:04:38 CEST 2024 (1726837478367)
2024-11-26 10:55:23,322 [FATAL] Updater:334 - Updater called before beeing initialized
2024-11-26 10:55:23,393 [WARN] DetailPanel:346 - Failed to get advertising image, set to default
2024-11-26 10:55:23,497 [FATAL] Updater:334 - Updater called before beeing initialized
2024-11-26 10:55:23,498 [FATAL] Updater:334 - Updater called before beeing initialized
2024-11-26 10:55:23,499 [FATAL] Updater:334 - Updater called before beeing initialized
2024-11-26 10:55:23,499 [WARN] DetailPanel:346 - Failed to get advertising image, set to default
2024-11-26 10:55:23,500 [FATAL] Updater:334 - Updater called before beeing initialized
2024-11-26 10:55:23,569 [ERROR] Updater:1164 - MainUpdater not yet initialized. External WinMGr cannot be set.
2024-11-26 10:55:23,572 [INFO] Updater:1100 - Updater Version found : 6.12.1
2024-11-26 10:55:23,629 [INFO] ApplicationProperties:184 - Using Application install path: /opt/st/stm32cubeide_1.16.1/plugins/com.st.stm32cube.common.mx_6.12.1.202409122256
2024-11-26 10:55:23,917 [INFO] MainUpdater:2873 - connection check result : 10
2024-11-26 10:55:23,919 [INFO] MainUpdater:290 - Updater Check For Update Now.
2024-11-26 10:55:23,919 [INFO] MicroXplorer:498 - Change Database Version : DB.6.0.121
2024-11-26 10:55:23,927 [INFO] McuFinderGlobals:63 - Set McuFinder mode to 2 (CubeIDE integrated)
2024-11-26 10:55:23,930 [INFO] UserAuth:417 - Internet connection configuration mode: 1
2024-11-26 10:55:23,966 [INFO] JxBrowserEngine:152 - Initiate JxBrowser Engine with user profile folder
2024-11-26 10:55:24,154 [INFO] CheckServerUpdateThread:120 - End of CheckServer Thread
2024-11-26 10:55:25,629 [WARN] PackLoader:240 - Cannot read IP mode file for STMicroelectronics.FP-SNS-MOTENVWB1.1.4.0
2024-11-26 10:55:25,672 [WARN] PackLoader:240 - Cannot read IP mode file for STMicroelectronics.FP-ATR-ASTRA1.2.0.1
2024-11-26 10:55:25,707 [WARN] PackLoader:240 - Cannot read IP mode file for STMicroelectronics.X-CUBE-SMBUS.2.1.0
2024-11-26 10:55:25,753 [WARN] PackLoader:240 - Cannot read IP mode file for STMicroelectronics.X-CUBE-WB05N.1.1.0
2024-11-26 10:55:25,855 [WARN] PackLoader:240 - Cannot read IP mode file for STMicroelectronics.X-CUBE-AZRTOS-F7.1.1.0
2024-11-26 10:55:26,121 [WARN] PackLoader:240 - Cannot read IP mode file for STMicroelectronics.X-CUBE-MEMS1.11.0.0
2024-11-26 10:55:26,464 [WARN] PackLoader:240 - Cannot read IP mode file for STMicroelectronics.FP-SNS-FLIGHT1.5.0.2
2024-11-26 10:55:26,536 [WARN] PackLoader:240 - Cannot read IP mode file for STMicroelectronics.X-CUBE-DISPLAY.3.0.0
2024-11-26 10:55:26,581 [WARN] PackLoader:240 - Cannot read IP mode file for STMicroelectronics.X-CUBE-BLE1.7.0.0
2024-11-26 10:55:26,602 [WARN] PackLoader:240 - Cannot read IP mode file for STMicroelectronics.X-CUBE-NFC10.1.0.0
2024-11-26 10:55:26,625 [WARN] PackLoader:240 - Cannot read IP mode file for emotas.I-CUBE-CANOPEN.1.3.0
2024-11-26 10:55:26,660 [WARN] PackLoader:240 - Cannot read IP mode file for STMicroelectronics.X-CUBE-BLEMGR.3.1.0
2024-11-26 10:55:26,682 [WARN] PackLoader:240 - Cannot read IP mode file for STMicroelectronics.FP-SNS-SMARTAG2.1.2.0
2024-11-26 10:55:26,725 [INFO] LogOutputStream:77 - [STDOUT_REDIRECT] 1 : Invalid condition id : UX_CORESTACK_Condition cause : null
2024-11-26 10:55:26,727 [INFO] LogOutputStream:77 - [STDOUT_REDIRECT] 1 : Invalid condition id : UX_CORESTACK_Condition cause : null
2024-11-26 10:55:26,728 [INFO] LogOutputStream:77 - [STDOUT_REDIRECT] 1 : Invalid condition id : UX_CORESTACK_Condition cause : null
2024-11-26 10:55:26,729 [INFO] LogOutputStream:77 - [STDOUT_REDIRECT] 1 : Invalid condition id : UX_CORESTACK_Condition cause : null
2024-11-26 10:55:26,730 [INFO] LogOutputStream:77 - [STDOUT_REDIRECT] 1 : Invalid condition id : UX_CORESTACK_Condition cause : null
2024-11-26 10:55:26,740 [WARN] PackLoader:240 - Cannot read IP mode file for STMicroelectronics.X-CUBE-AZRTOS-WL.2.0.0
2024-11-26 10:55:26,810 [WARN] PackLoader:240 - Cannot read IP mode file for STMicroelectronics.FP-SNS-MOTENV1.5.0.0
2024-11-26 10:55:26,838 [WARN] PackLoader:240 - Cannot read IP mode file for wolfSSL.I-CUBE-wolfMQTT.1.19.0
2024-11-26 10:55:26,876 [WARN] PackLoader:240 - Cannot read IP mode file for WES.I-CUBE-Cesium.1.3.0
2024-11-26 10:55:26,908 [WARN] PackLoader:240 - Cannot read IP mode file for STMicroelectronics.X-CUBE-BLE2.3.3.0
2024-11-26 10:55:26,941 [WARN] PackLoader:240 - Cannot read IP mode file for STMicroelectronics.X-CUBE-NFC9.1.0.0
2024-11-26 10:55:26,967 [WARN] PackLoader:240 - Cannot read IP mode file for STMicroelectronics.X-CUBE-TCPP.4.1.0
2024-11-26 10:55:27,013 [WARN] PackLoader:240 - Cannot read IP mode file for STMicroelectronics.X-CUBE-AZRTOS-G0.1.1.0
2024-11-26 10:55:27,044 [WARN] PackLoader:240 - Cannot read IP mode file for STMicroelectronics.X-CUBE-SAFEA1.1.2.2
2024-11-26 10:55:27,069 [WARN] PackLoader:240 - Cannot read IP mode file for STMicroelectronics.X-CUBE-NFC4.3.0.0
2024-11-26 10:55:27,108 [WARN] PackLoader:240 - Cannot read IP mode file for EmbeddedOffice.I-CUBE-FS-RTOS.1.0.1
2024-11-26 10:55:27,108 [ERROR] ConditionMgr:805 - Attr not supported : Dmpu
2024-11-26 10:55:27,109 [ERROR] ConditionMgr:805 - Attr not supported : Dmpu
2024-11-26 10:55:27,109 [ERROR] ConditionMgr:805 - Attr not supported : Dmpu
2024-11-26 10:55:27,109 [ERROR] ConditionMgr:805 - Attr not supported : Dmpu
2024-11-26 10:55:27,109 [ERROR] ConditionMgr:805 - Attr not supported : Dmpu
2024-11-26 10:55:27,109 [ERROR] ConditionMgr:805 - Attr not supported : Dmpu
2024-11-26 10:55:27,109 [ERROR] ConditionMgr:805 - Attr not supported : Dmpu
2024-11-26 10:55:27,109 [ERROR] ConditionMgr:805 - Attr not supported : Dmpu
2024-11-26 10:55:27,109 [ERROR] ConditionMgr:805 - Attr not supported : Dmpu
2024-11-26 10:55:27,110 [ERROR] ConditionMgr:805 - Attr not supported : Dmpu
2024-11-26 10:55:27,110 [ERROR] ConditionMgr:805 - Attr not supported : Dmpu
2024-11-26 10:55:27,110 [ERROR] ConditionMgr:805 - Attr not supported : Dmpu
2024-11-26 10:55:27,110 [ERROR] ConditionMgr:805 - Attr not supported : Dmpu
2024-11-26 10:55:27,110 [ERROR] ConditionMgr:805 - Attr not supported : Dmpu
2024-11-26 10:55:27,110 [ERROR] ConditionMgr:805 - Attr not supported : Dmpu
2024-11-26 10:55:27,110 [ERROR] ConditionMgr:805 - Attr not supported : Dmpu
2024-11-26 10:55:27,110 [ERROR] ConditionMgr:805 - Attr not supported : Dmpu
2024-11-26 10:55:27,110 [ERROR] ConditionMgr:805 - Attr not supported : Dmpu
2024-11-26 10:55:27,111 [ERROR] ConditionMgr:805 - Attr not supported : Dmpu
2024-11-26 10:55:27,111 [ERROR] ConditionMgr:805 - Attr not supported : Dmpu
2024-11-26 10:55:27,111 [ERROR] ConditionMgr:805 - Attr not supported : Dmpu
2024-11-26 10:55:27,111 [ERROR] ConditionMgr:805 - Attr not supported : Dmpu
2024-11-26 10:55:27,111 [ERROR] ConditionMgr:805 - Attr not supported : Dmpu
2024-11-26 10:55:27,111 [ERROR] ConditionMgr:805 - Attr not supported : Dmpu
2024-11-26 10:55:27,111 [ERROR] ConditionMgr:805 - Attr not supported : Dmpu
2024-11-26 10:55:27,111 [ERROR] ConditionMgr:805 - Attr not supported : Dmpu
2024-11-26 10:55:27,111 [ERROR] ConditionMgr:805 - Attr not supported : Dmpu
2024-11-26 10:55:27,112 [ERROR] ConditionMgr:805 - Attr not supported : Dmpu
2024-11-26 10:55:27,112 [ERROR] ConditionMgr:805 - Attr not supported : Dmpu
2024-11-26 10:55:27,112 [ERROR] ConditionMgr:805 - Attr not supported : Dmpu
2024-11-26 10:55:27,112 [ERROR] ConditionMgr:805 - Attr not supported : Dmpu
2024-11-26 10:55:27,112 [ERROR] ConditionMgr:805 - Attr not supported : Dmpu
2024-11-26 10:55:27,112 [ERROR] ConditionMgr:805 - Attr not supported : Dmpu
2024-11-26 10:55:27,112 [ERROR] ConditionMgr:805 - Attr not supported : Dmpu
2024-11-26 10:55:27,112 [ERROR] ConditionMgr:805 - Attr not supported : Dmpu
2024-11-26 10:55:27,113 [ERROR] ConditionMgr:805 - Attr not supported : Dmpu
2024-11-26 10:55:27,113 [ERROR] ConditionMgr:805 - Attr not supported : Dmpu
2024-11-26 10:55:27,113 [ERROR] ConditionMgr:805 - Attr not supported : Dmpu
2024-11-26 10:55:27,113 [ERROR] ConditionMgr:805 - Attr not supported : Dmpu
2024-11-26 10:55:27,113 [ERROR] ConditionMgr:805 - Attr not supported : Dmpu
2024-11-26 10:55:27,113 [ERROR] ConditionMgr:805 - Attr not supported : Dmpu
2024-11-26 10:55:27,113 [ERROR] ConditionMgr:805 - Attr not supported : Dmpu
2024-11-26 10:55:27,113 [ERROR] ConditionMgr:805 - Attr not supported : Dmpu
2024-11-26 10:55:27,113 [ERROR] ConditionMgr:805 - Attr not supported : Dmpu
2024-11-26 10:55:27,114 [ERROR] ConditionMgr:805 - Attr not supported : Dmpu
2024-11-26 10:55:27,114 [ERROR] ConditionMgr:805 - Attr not supported : Dmpu
2024-11-26 10:55:27,114 [ERROR] ConditionMgr:805 - Attr not supported : Dmpu
2024-11-26 10:55:27,114 [ERROR] ConditionMgr:805 - Attr not supported : Dmpu
2024-11-26 10:55:27,114 [ERROR] ConditionMgr:805 - Attr not supported : Dmpu
2024-11-26 10:55:27,114 [ERROR] ConditionMgr:805 - Attr not supported : Dmpu
2024-11-26 10:55:27,114 [ERROR] ConditionMgr:805 - Attr not supported : Dmpu
2024-11-26 10:55:27,114 [ERROR] ConditionMgr:805 - Attr not supported : Dmpu
2024-11-26 10:55:27,115 [ERROR] ConditionMgr:805 - Attr not supported : Dmpu
2024-11-26 10:55:27,115 [ERROR] ConditionMgr:805 - Attr not supported : Dmpu
2024-11-26 10:55:27,115 [ERROR] ConditionMgr:805 - Attr not supported : Dmpu
2024-11-26 10:55:27,116 [ERROR] ConditionMgr:805 - Attr not supported : Dmpu
2024-11-26 10:55:27,116 [ERROR] ConditionMgr:805 - Attr not supported : Dmpu
2024-11-26 10:55:27,116 [ERROR] ConditionMgr:805 - Attr not supported : Dmpu
2024-11-26 10:55:27,117 [ERROR] ConditionMgr:805 - Attr not supported : Dmpu
2024-11-26 10:55:27,117 [ERROR] ConditionMgr:805 - Attr not supported : Dmpu
2024-11-26 10:55:27,117 [ERROR] ConditionMgr:805 - Attr not supported : Dmpu
2024-11-26 10:55:27,117 [ERROR] ConditionMgr:805 - Attr not supported : Dmpu
2024-11-26 10:55:27,117 [ERROR] ConditionMgr:805 - Attr not supported : Dmpu
2024-11-26 10:55:27,117 [ERROR] ConditionMgr:805 - Attr not supported : Dmpu
2024-11-26 10:55:27,136 [WARN] PackLoader:240 - Cannot read IP mode file for RealThread.X-CUBE-RT-Thread_Nano.4.1.1
2024-11-26 10:55:27,151 [WARN] PackLoader:240 - Cannot read IP mode file for STMicroelectronics.FP-ATR-SIGFOX1.3.2.0
2024-11-26 10:55:27,170 [WARN] PackLoader:240 - Cannot read IP mode file for wolfSSL.I-CUBE-wolfSSL.5.7.2
2024-11-26 10:55:27,180 [WARN] ConditionMgr:438 - getConditionDescription Invalid condition id : Cortex-A Device cause : null
2024-11-26 10:55:27,250 [WARN] ConditionMgr:1039 - genDependencies : Invalid condition id : Cortex-A Device cause : null
2024-11-26 10:55:27,251 [WARN] ConditionMgr:1039 - genDependencies : Invalid condition id : Cortex-A Device cause : null
2024-11-26 10:55:27,251 [WARN] ConditionMgr:1039 - genDependencies : Invalid condition id : Cortex-A Device cause : null
2024-11-26 10:55:27,284 [WARN] PackLoader:240 - Cannot read IP mode file for STMicroelectronics.X-CUBE-EEPRMA1.5.1.0
2024-11-26 10:55:27,306 [WARN] PackLoader:240 - Cannot read IP mode file for ITTIA_DB.I-CUBE-ITTIADB.8.9.0
2024-11-26 10:55:27,387 [WARN] PackLoader:240 - Cannot read IP mode file for SEGGER.I-CUBE-embOS.1.3.1
2024-11-26 10:55:27,478 [WARN] PackLoader:240 - Cannot read IP mode file for STMicroelectronics.X-CUBE-ALGOBUILD.1.4.0
2024-11-26 10:55:27,495 [WARN] PackLoader:240 - Cannot read IP mode file for STMicroelectronics.X-CUBE-AI.9.1.0
2024-11-26 10:55:27,545 [WARN] PackLoader:240 - Cannot read IP mode file for STMicroelectronics.X-CUBE-AZRTOS-F4.1.1.0
2024-11-26 10:55:27,555 [WARN] PackLoader:240 - Cannot read IP mode file for STMicroelectronics.X-CUBE-ISPU.2.1.0
2024-11-26 10:55:27,566 [WARN] PackLoader:240 - Cannot read IP mode file for STMicroelectronics.X-CUBE-FREERTOS.1.2.0
2024-11-26 10:55:27,583 [INFO] WebApp:167 - Instantiating new browser for Auth
2024-11-26 10:55:27,592 [WARN] PackLoader:240 - Cannot read IP mode file for STMicroelectronics.X-CUBE-AZRTOS-L5.2.0.0
2024-11-26 10:55:27,612 [WARN] PackLoader:240 - Cannot read IP mode file for STMicroelectronics.X-CUBE-NFC6.3.1.0
2024-11-26 10:55:27,645 [WARN] PackLoader:240 - Cannot read IP mode file for STMicroelectronics.X-CUBE-DPower.1.2.0
2024-11-26 10:55:27,661 [WARN] PackLoader:240 - Cannot read IP mode file for STMicroelectronics.X-CUBE-NFC7.1.0.1
2024-11-26 10:55:27,716 [WARN] ConditionMgr:438 - getConditionDescription Invalid condition id : LAN8742 Phy interface Condition cause : null
2024-11-26 10:55:27,717 [WARN] PackLoader:240 - Cannot read IP mode file for STMicroelectronics.X-CUBE-AZRTOS-L4.2.0.0
2024-11-26 10:55:27,718 [WARN] ConditionMgr:1039 - genDependencies : Invalid condition id : LAN8742 Phy interface Condition cause : null
2024-11-26 10:55:27,719 [WARN] ConditionMgr:1039 - genDependencies : Invalid condition id : LAN8742 Phy interface Condition cause : null
2024-11-26 10:55:27,720 [WARN] ConditionMgr:1039 - genDependencies : Invalid condition id : LAN8742 Phy interface Condition cause : null
2024-11-26 10:55:27,743 [WARN] PackLoader:240 - Cannot read IP mode file for STMicroelectronics.X-CUBE-SFXS2LP1.4.0.0
2024-11-26 10:55:27,799 [WARN] PackLoader:240 - Cannot read IP mode file for STMicroelectronics.X-CUBE-AZRTOS-H7.3.3.0
2024-11-26 10:55:27,829 [WARN] PackLoader:240 - Cannot read IP mode file for STMicroelectronics.X-CUBE-IPS.3.0.0
2024-11-26 10:55:27,908 [WARN] ConditionMgr:438 - getConditionDescription Invalid condition id : UX DEVICE CLASS RTOS Condition cause : null
2024-11-26 10:55:27,909 [WARN] ConditionMgr:438 - getConditionDescription Invalid condition id : UX DEVICE CLASS RTOS Condition cause : null
2024-11-26 10:55:27,914 [WARN] PackLoader:240 - Cannot read IP mode file for STMicroelectronics.X-CUBE-AZRTOS-WB.2.0.0
2024-11-26 10:55:27,915 [WARN] ConditionMgr:1039 - genDependencies : Invalid condition id : UX DEVICE CLASS RTOS Condition cause : null
2024-11-26 10:55:27,916 [WARN] ConditionMgr:1039 - genDependencies : Invalid condition id : UX DEVICE CLASS RTOS Condition cause : null
2024-11-26 10:55:27,917 [WARN] ConditionMgr:1039 - genDependencies : Invalid condition id : UX DEVICE CLASS RTOS Condition cause : null
2024-11-26 10:55:27,918 [WARN] ConditionMgr:1039 - genDependencies : Invalid condition id : UX DEVICE CLASS RTOS Condition cause : null
2024-11-26 10:55:27,918 [WARN] ConditionMgr:1039 - genDependencies : Invalid condition id : UX DEVICE CLASS RTOS Condition cause : null
2024-11-26 10:55:27,946 [WARN] PackLoader:240 - Cannot read IP mode file for STMicroelectronics.X-CUBE-GNSS1.7.0.0
2024-11-26 10:55:27,966 [WARN] PackLoader:240 - Cannot read IP mode file for STMicroelectronics.FP-SNS-STBOX1.2.0.0
2024-11-26 10:55:28,007 [WARN] PackLoader:240 - Cannot read IP mode file for STMicroelectronics.X-CUBE-SUBG2.5.0.0
2024-11-26 10:55:28,022 [WARN] PackLoader:240 - Cannot read IP mode file for Cesanta.I-CUBE-Mongoose.7.13.0
2024-11-26 10:55:28,082 [WARN] PackLoader:240 - Cannot read IP mode file for STMicroelectronics.X-CUBE-AZRTOS-G4.2.0.0
2024-11-26 10:55:28,098 [WARN] PackLoader:240 - Cannot read IP mode file for STMicroelectronics.X-CUBE-ALS.1.0.2
2024-11-26 10:55:28,123 [WARN] PackLoader:240 - Cannot read IP mode file for STMicroelectronics.X-CUBE-TOUCHGFX.4.24.1
2024-11-26 10:55:28,134 [WARN] PackLoader:240 - Cannot read IP mode file for wolfSSL.I-CUBE-wolfTPM.3.4.0
2024-11-26 10:55:28,161 [WARN] PackLoader:240 - Cannot read IP mode file for portGmbH.I-Cube-SoM-uGOAL.1.1.0
2024-11-26 10:55:28,220 [WARN] PackLoader:240 - Cannot read IP mode file for STMicroelectronics.X-CUBE-AZRTOS-H7RS.1.0.0
2024-11-26 10:55:28,238 [WARN] PackLoader:240 - Cannot read IP mode file for STMicroelectronics.FP-ATR-ASTRA1.2.0.0
2024-11-26 10:55:28,283 [WARN] PackLoader:240 - Cannot read IP mode file for STMicroelectronics.X-CUBE-TOF1.3.4.2
2024-11-26 10:55:28,374 [WARN] PackLoader:240 - Cannot read IP mode file for Infineon.AIROC-Wi-Fi-Bluetooth-STM32.1.6.1
2024-11-26 10:55:28,388 [WARN] PackLoader:240 - Cannot read IP mode file for wolfSSL.I-CUBE-wolfSSH.1.4.17
2024-11-26 10:55:28,389 [INFO] ThirdParty:978 - Integrity check success = true
2024-11-26 10:55:28,389 [INFO] IntegrityCheckThread:100 - exiting critical section [integrity check]
2024-11-26 10:55:28,389 [INFO] IntegrityCheckThread:103 - End integrity checks thread
2024-11-26 10:55:29,738 [INFO] WebApp:448 - Apply proxy settings
2024-11-26 10:55:29,738 [INFO] WebApp:533 - Chromium requires no authentication
2024-11-26 10:55:29,806 [INFO] WebApp:476 - Direct internet connection detected
2024-11-26 10:55:29,896 [INFO] WebApp:869 - Register for checkConnection events
2024-11-26 10:55:29,896 [INFO] WebApp:448 - Apply proxy settings
2024-11-26 10:55:29,896 [INFO] WebApp:533 - Chromium requires no authentication
2024-11-26 10:55:29,897 [INFO] WebApp:476 - Direct internet connection detected
2024-11-26 10:55:30,429 [INFO] WebApp:220 - Starting web application
2024-11-26 10:55:30,429 [INFO] WebApp:578 - Web application path used /opt/st/stm32cubeide_1.16.1/plugins/com.st.stm32cube.common.mx_6.12.1.202409122256/db/plugins/mcufinder/reactClient1/index.html
2024-11-26 10:55:30,505 [INFO] WebApp:186 - Connection restablished
2024-11-26 10:55:30,686 [INFO] UserAuth:417 - Internet connection configuration mode: 1
2024-11-26 11:00:43,338 [INFO] WebApp:189 - Connection lost
2024-11-26 11:00:43,576 [INFO] WebApp:186 - Connection restablished
2024-11-26 11:19:20,471 [INFO] WebApp:189 - Connection lost
2024-11-26 13:39:02,555 [INFO] WebApp:186 - Connection restablished
