2024-12-19 17:16:35,490 [INFO] Activator:176 - 


2024-12-19 17:16:35,504 [INFO] Activator:177 - !SESSION log4j initialized
2024-12-19 17:16:45,837 [INFO] LogOutputStream:77 - [STDOUT_REDIRECT] 
2024-12-19 17:16:48,643 [INFO] ApplicationProperties:184 - Using Application install path: /opt/st/stm32cubeide_1.16.1/plugins/com.st.stm32cube.common.mx_6.12.1.202409122256
2024-12-19 17:16:48,674 [INFO] DbMcusXml:78 - Set database path to: /opt/st/stm32cubeide_1.16.1/plugins/com.st.stm32cube.common.mx_6.12.1.202409122256//db//mcu/
2024-12-19 17:16:48,675 [INFO] ApiDb:274 - Set plugin database path to: /opt/st/stm32cubeide_1.16.1/plugins/com.st.stm32cube.common.mx_6.12.1.202409122256//db//plugins/boardmanager/
2024-12-19 17:16:48,675 [WARN] ApiDb:259 - Overriding images path with different value:  => /opt/st/stm32cubeide_1.16.1/plugins/com.st.stm32cube.common.mx_6.12.1.202409122256//db//plugins/mcufinder/images/
2024-12-19 17:16:48,686 [INFO] ApiDb:250 - Set database path to: /home/adam/.stmcufinder/plugins/mcufinder//mcu/
2024-12-19 17:16:48,688 [INFO] DbMcusAds:125 - Set database path to: /home/adam/.stmcufinder/plugins/mcufinder//mcu/
2024-12-19 17:16:48,691 [INFO] CrossReferenceDbSqlite:203 - Set database path to: /home/adam/.stmcufinder/plugins/mcufinder//mcu/cs/
2024-12-19 17:16:48,977 [INFO] RulesReader:64 - Compatibility file has been processed (297 Rules)
2024-12-19 17:16:49,271 [INFO] DbMcusXml:78 - Set database path to: /opt/st/stm32cubeide_1.16.1/plugins/com.st.stm32cube.common.mx_6.12.1.202409122256//db//mcu/
2024-12-19 17:16:49,271 [INFO] ApiDb:274 - Set plugin database path to: /opt/st/stm32cubeide_1.16.1/plugins/com.st.stm32cube.common.mx_6.12.1.202409122256//db//plugins/boardmanager/
2024-12-19 17:16:49,272 [INFO] ApiDb:261 - Set plugin images path to: /opt/st/stm32cubeide_1.16.1/plugins/com.st.stm32cube.common.mx_6.12.1.202409122256//db//plugins/mcufinder/images/
2024-12-19 17:16:49,273 [WARN] DbFile:41 - Overriding database path with different value: /home/adam/.stmcufinder/plugins/mcufinder/ => /home/adam/.stmcufinder/plugins/mcufinder
2024-12-19 17:16:49,274 [INFO] ApiDb:250 - Set database path to: /home/adam/.stmcufinder/plugins/mcufinder//mcu/
2024-12-19 17:16:49,274 [WARN] DbFile:41 - Overriding database path with different value: /home/adam/.stmcufinder/plugins/mcufinder/ => /home/adam/.stmcufinder/plugins/mcufinder
2024-12-19 17:16:49,274 [INFO] DbMcusAds:125 - Set database path to: /home/adam/.stmcufinder/plugins/mcufinder//mcu/
2024-12-19 17:16:49,275 [WARN] DbFile:41 - Overriding database path with different value: /home/adam/.stmcufinder/plugins/mcufinder/ => /home/adam/.stmcufinder/plugins/mcufinder
2024-12-19 17:16:49,275 [WARN] DbFile:41 - Overriding database path with different value: /home/adam/.stmcufinder/plugins/mcufinder/ => /home/adam/.stmcufinder/plugins/mcufinder
2024-12-19 17:16:49,279 [INFO] CrossReferenceDbSqlite:203 - Set database path to: /home/adam/.stmcufinder/plugins/mcufinder//mcu/cs/
2024-12-19 17:16:49,574 [INFO] MainPanel:268 - HeapMemory: 268435456
2024-12-19 17:16:50,199 [INFO] DbMcusXml:78 - Set database path to: /opt/st/stm32cubeide_1.16.1/plugins/com.st.stm32cube.common.mx_6.12.1.202409122256//db//mcu/
2024-12-19 17:16:50,200 [INFO] ApiDb:274 - Set plugin database path to: /opt/st/stm32cubeide_1.16.1/plugins/com.st.stm32cube.common.mx_6.12.1.202409122256//db//plugins/boardmanager/
2024-12-19 17:16:50,200 [INFO] ApiDb:261 - Set plugin images path to: /opt/st/stm32cubeide_1.16.1/plugins/com.st.stm32cube.common.mx_6.12.1.202409122256//db//plugins/mcufinder/images/
2024-12-19 17:16:50,205 [WARN] DbFile:41 - Overriding database path with different value: /home/adam/.stmcufinder/plugins/mcufinder/ => /home/adam/.stmcufinder/plugins/mcufinder
2024-12-19 17:16:50,206 [INFO] ApiDb:250 - Set database path to: /home/adam/.stmcufinder/plugins/mcufinder//mcu/
2024-12-19 17:16:50,206 [WARN] DbFile:41 - Overriding database path with different value: /home/adam/.stmcufinder/plugins/mcufinder/ => /home/adam/.stmcufinder/plugins/mcufinder
2024-12-19 17:16:50,206 [INFO] DbMcusAds:125 - Set database path to: /home/adam/.stmcufinder/plugins/mcufinder//mcu/
2024-12-19 17:16:50,211 [WARN] DbFile:41 - Overriding database path with different value: /home/adam/.stmcufinder/plugins/mcufinder/ => /home/adam/.stmcufinder/plugins/mcufinder
2024-12-19 17:16:50,211 [WARN] DbFile:41 - Overriding database path with different value: /home/adam/.stmcufinder/plugins/mcufinder/ => /home/adam/.stmcufinder/plugins/mcufinder
2024-12-19 17:16:50,211 [INFO] CrossReferenceDbSqlite:203 - Set database path to: /home/adam/.stmcufinder/plugins/mcufinder//mcu/cs/
2024-12-19 17:16:50,291 [INFO] ApplicationProperties:184 - Using Application install path: /opt/st/stm32cubeide_1.16.1/plugins/com.st.stm32cube.common.mx_6.12.1.202409122256
2024-12-19 17:16:50,297 [INFO] PluginManage:196 - Search for loadable plugins [exclusion list=, ]
2024-12-19 17:16:50,302 [INFO] PluginManage:310 - Check plugin analytics
2024-12-19 17:16:50,740 [INFO] AnalyticsPlugin:253 - Accepted Software Licenses: 
2024-12-19 17:16:50,740 [INFO] AnalyticsPlugin:255 - Accepted CMSIS Pack Licenses: 
2024-12-19 17:16:50,741 [INFO] AnalyticsPlugin:257 - Accepted Firmware Licenses: FW.L4.1.18.0
2024-12-19 17:16:50,748 [INFO] PluginManage:359 - Loaded plugin analytics (category:tool,tabindex:-1)
2024-12-19 17:16:50,748 [INFO] PluginManage:310 - Check plugin cadmodel
2024-12-19 17:16:50,775 [INFO] CADModel:105 - Init CAD model plugin
2024-12-19 17:16:50,775 [INFO] PluginManage:359 - Loaded plugin cadmodel (category:power,tabindex:5)
2024-12-19 17:16:50,777 [INFO] PluginManage:310 - Check plugin clock
2024-12-19 17:16:50,806 [INFO] PluginManage:359 - Loaded plugin clock (category:base,tabindex:2)
2024-12-19 17:16:50,806 [INFO] PluginManage:310 - Check plugin ddr
2024-12-19 17:16:50,812 [INFO] PluginManage:359 - Loaded plugin ddr (category:tool,tabindex:6)
2024-12-19 17:16:50,815 [INFO] PluginManage:310 - Check plugin filemanager
2024-12-19 17:16:51,216 [INFO] PluginManage:359 - Loaded plugin filemanager (category:base,tabindex:10)
2024-12-19 17:16:51,220 [INFO] PluginManage:310 - Check plugin ipmanager
2024-12-19 17:16:51,235 [INFO] PluginManage:359 - Loaded plugin ipmanager (category:base,tabindex:5)
2024-12-19 17:16:51,235 [INFO] PluginManage:310 - Check plugin lpbam
2024-12-19 17:16:51,313 [INFO] PluginManage:359 - Loaded plugin lpbam (category:base,tabindex:0)
2024-12-19 17:16:51,313 [INFO] PluginManage:310 - Check plugin memorymap
2024-12-19 17:16:51,436 [INFO] PluginManage:359 - Loaded plugin memorymap (category:base,tabindex:4)
2024-12-19 17:16:51,439 [INFO] PluginManage:310 - Check plugin pinoutandconfiguration
2024-12-19 17:16:51,510 [INFO] PluginManage:359 - Loaded plugin pinoutandconfiguration (category:base,tabindex:1)
2024-12-19 17:16:51,510 [INFO] PluginManage:310 - Check plugin pinoutconfig
2024-12-19 17:16:52,143 [WARN] SupportedApi:132 - Cannot load RTOS API schema: s4s-elt-must-match.1: The content of 'definitions' must match (annotation?, (simpleType | complexType)?, (unique | key | keyref)*)). A problem was found starting at: attribute.
2024-12-19 17:16:53,246 [INFO] PluginManage:359 - Loaded plugin pinoutconfig (category:base,tabindex:0)
2024-12-19 17:16:53,250 [INFO] PluginManage:310 - Check plugin power
2024-12-19 17:16:53,565 [INFO] PluginManage:359 - Loaded plugin power (category:power,tabindex:4)
2024-12-19 17:16:53,565 [INFO] PluginManage:310 - Check plugin projectmanager
2024-12-19 17:16:53,734 [INFO] PluginManage:359 - Loaded plugin projectmanager (category:projectmanager,tabindex:4)
2024-12-19 17:16:53,734 [INFO] PluginManage:310 - Check plugin rif
2024-12-19 17:16:53,772 [INFO] PluginManage:359 - Loaded plugin rif (category:base,tabindex:3)
2024-12-19 17:16:53,772 [INFO] PluginManage:310 - Check plugin thirdparty
2024-12-19 17:16:54,764 [INFO] PluginManage:359 - Loaded plugin thirdparty (category:base,tabindex:-1)
2024-12-19 17:16:54,765 [INFO] PluginManage:310 - Check plugin tools
2024-12-19 17:16:54,766 [WARN] IntegrityCheckThread:84 - waiting for thirdparty lock release [integrity check]
2024-12-19 17:16:54,766 [INFO] IntegrityCheckThread:86 - entering critical section [integrity check]
2024-12-19 17:16:54,767 [INFO] ThirdPartyUpdaterWithRetryManager:70 - Updater plugin not ready yet. [1/15]
2024-12-19 17:16:54,778 [INFO] PluginManage:359 - Loaded plugin tools (category:base,tabindex:7)
2024-12-19 17:16:54,778 [INFO] PluginManage:310 - Check plugin tutovideos
2024-12-19 17:16:55,717 [INFO] PluginManage:359 - Loaded plugin tutovideos (category:base,tabindex:-1)
2024-12-19 17:16:55,717 [INFO] PluginManage:310 - Check plugin updater
2024-12-19 17:16:55,832 [INFO] PluginManage:359 - Loaded plugin updater (category:base,tabindex:12)
2024-12-19 17:16:55,832 [INFO] PluginManage:310 - Check plugin userauth
2024-12-19 17:16:55,859 [INFO] UserAuth:113 - Init User Auth plugin
2024-12-19 17:16:55,860 [INFO] PluginManage:359 - Loaded plugin userauth (category:base,tabindex:14)
2024-12-19 17:16:55,866 [INFO] PluginManage:283 - PluginManage : Loaded plugins [18]
2024-12-19 17:16:57,018 [INFO] PinOutPanel:1561 - setPackage(No Configuration,No Configuration)
2024-12-19 17:16:57,243 [INFO] CADModel:165 - CPN selected for project level
2024-12-19 17:16:57,243 [INFO] CADModel:114 - Register for checkConnection events
2024-12-19 17:16:57,275 [INFO] IPUIPlugin:80 - create IPUIPlugin
2024-12-19 17:16:57,275 [INFO] PluginManager:220 - loadIPPluginJar : add lorawan
2024-12-19 17:16:57,279 [INFO] IPUIPlugin:80 - create IPUIPlugin
2024-12-19 17:16:57,279 [INFO] PluginManager:220 - loadIPPluginJar : add cryp
2024-12-19 17:16:57,288 [INFO] IPUIPlugin:80 - create IPUIPlugin
2024-12-19 17:16:57,290 [INFO] PluginManager:220 - loadIPPluginJar : add gic
2024-12-19 17:16:57,295 [INFO] IPUIPlugin:80 - create IPUIPlugin
2024-12-19 17:16:57,296 [INFO] PluginManager:220 - loadIPPluginJar : add touchsensing
2024-12-19 17:16:57,299 [INFO] IPUIPlugin:80 - create IPUIPlugin
2024-12-19 17:16:57,300 [INFO] PluginManager:220 - loadIPPluginJar : add dma3
2024-12-19 17:16:57,301 [INFO] IPUIPlugin:80 - create IPUIPlugin
2024-12-19 17:16:57,302 [INFO] PluginManager:220 - loadIPPluginJar : add quadspi
2024-12-19 17:16:57,306 [INFO] IPUIPlugin:80 - create IPUIPlugin
2024-12-19 17:16:57,306 [INFO] PluginManager:220 - loadIPPluginJar : add ddr_ctrl_phy
2024-12-19 17:16:57,309 [INFO] IPUIPlugin:80 - create IPUIPlugin
2024-12-19 17:16:57,310 [INFO] PluginManager:220 - loadIPPluginJar : add radio
2024-12-19 17:16:57,313 [INFO] IPUIPlugin:80 - create IPUIPlugin
2024-12-19 17:16:57,313 [INFO] PluginManager:220 - loadIPPluginJar : add ts
2024-12-19 17:16:57,327 [INFO] IPUIPlugin:80 - create IPUIPlugin
2024-12-19 17:16:57,327 [INFO] PluginManager:220 - loadIPPluginJar : add gpio
2024-12-19 17:16:57,332 [INFO] IPUIPlugin:80 - create IPUIPlugin
2024-12-19 17:16:57,333 [INFO] PluginManager:220 - loadIPPluginJar : add ucpd
2024-12-19 17:16:57,350 [INFO] IPUIPlugin:80 - create IPUIPlugin
2024-12-19 17:16:57,350 [INFO] PluginManager:220 - loadIPPluginJar : add linkedlist
2024-12-19 17:16:57,353 [INFO] IPUIPlugin:80 - create IPUIPlugin
2024-12-19 17:16:57,353 [INFO] PluginManager:220 - loadIPPluginJar : add tim
2024-12-19 17:16:57,359 [INFO] IPUIPlugin:80 - create IPUIPlugin
2024-12-19 17:16:57,363 [INFO] PluginManager:220 - loadIPPluginJar : add aes
2024-12-19 17:16:57,366 [INFO] IPUIPlugin:80 - create IPUIPlugin
2024-12-19 17:16:57,366 [INFO] PluginManager:220 - loadIPPluginJar : add spi
2024-12-19 17:16:57,374 [INFO] IPUIPlugin:80 - create IPUIPlugin
2024-12-19 17:16:57,375 [INFO] PluginManager:220 - loadIPPluginJar : add sai
2024-12-19 17:16:57,388 [INFO] IPUIPlugin:80 - create IPUIPlugin
2024-12-19 17:16:57,388 [INFO] PluginManager:220 - loadIPPluginJar : add nvic
2024-12-19 17:16:57,398 [INFO] IPUIPlugin:80 - create IPUIPlugin
2024-12-19 17:16:57,398 [INFO] PluginManager:220 - loadIPPluginJar : add openamp
2024-12-19 17:16:57,420 [INFO] IPUIPlugin:80 - create IPUIPlugin
2024-12-19 17:16:57,425 [INFO] PluginManager:220 - loadIPPluginJar : add plateformsettings
2024-12-19 17:16:57,437 [INFO] IPUIPlugin:80 - create IPUIPlugin
2024-12-19 17:16:57,438 [INFO] PluginManager:220 - loadIPPluginJar : add freertos
2024-12-19 17:16:57,442 [INFO] IPUIPlugin:80 - create IPUIPlugin
2024-12-19 17:16:57,444 [INFO] PluginManager:220 - loadIPPluginJar : add can
2024-12-19 17:16:57,447 [INFO] IPUIPlugin:80 - create IPUIPlugin
2024-12-19 17:16:57,448 [INFO] PluginManager:220 - loadIPPluginJar : add dfsdm
2024-12-19 17:16:57,457 [INFO] IPUIPlugin:80 - create IPUIPlugin
2024-12-19 17:16:57,460 [INFO] PluginManager:220 - loadIPPluginJar : add fmc
2024-12-19 17:16:57,463 [INFO] IPUIPlugin:80 - create IPUIPlugin
2024-12-19 17:16:57,464 [INFO] PluginManager:220 - loadIPPluginJar : add fatfs
2024-12-19 17:16:57,469 [INFO] IPUIPlugin:80 - create IPUIPlugin
2024-12-19 17:16:57,470 [INFO] PluginManager:220 - loadIPPluginJar : add tracer_emb
2024-12-19 17:16:57,491 [INFO] IPUIPlugin:80 - create IPUIPlugin
2024-12-19 17:16:57,491 [INFO] PluginManager:220 - loadIPPluginJar : add dma
2024-12-19 17:16:57,499 [INFO] IPUIPlugin:80 - create IPUIPlugin
2024-12-19 17:16:57,500 [INFO] PluginManager:220 - loadIPPluginJar : add extmemmanager
2024-12-19 17:16:57,506 [INFO] IPUIPlugin:80 - create IPUIPlugin
2024-12-19 17:16:57,506 [INFO] PluginManager:220 - loadIPPluginJar : add i3c
2024-12-19 17:16:57,512 [INFO] IPUIPlugin:80 - create IPUIPlugin
2024-12-19 17:16:57,514 [INFO] PluginManager:220 - loadIPPluginJar : add gfxmmu
2024-12-19 17:16:57,522 [INFO] IPUIPlugin:80 - create IPUIPlugin
2024-12-19 17:16:57,522 [INFO] PluginManager:220 - loadIPPluginJar : add i2c
2024-12-19 17:16:57,541 [INFO] IPUIPlugin:80 - create IPUIPlugin
2024-12-19 17:16:57,542 [INFO] PluginManager:220 - loadIPPluginJar : add stm32_wpan
2024-12-19 17:16:57,582 [INFO] IPUIPlugin:80 - create IPUIPlugin
2024-12-19 17:16:57,582 [INFO] PluginManager:220 - loadIPPluginJar : add mdma
2024-12-19 17:16:57,592 [INFO] IPUIPlugin:80 - create IPUIPlugin
2024-12-19 17:16:57,593 [INFO] PluginManager:220 - loadIPPluginJar : add pdm2pcm
2024-12-19 17:16:57,605 [INFO] IPUIPlugin:80 - create IPUIPlugin
2024-12-19 17:16:57,611 [INFO] PluginManager:220 - loadIPPluginJar : add ipddr
2024-12-19 17:16:57,622 [INFO] IPUIPlugin:80 - create IPUIPlugin
2024-12-19 17:16:57,622 [INFO] PluginManager:220 - loadIPPluginJar : add opamp
2024-12-19 17:16:57,630 [INFO] IPUIPlugin:80 - create IPUIPlugin
2024-12-19 17:16:57,631 [INFO] PluginManager:220 - loadIPPluginJar : add gtzc
2024-12-19 17:16:57,635 [INFO] IPUIPlugin:80 - create IPUIPlugin
2024-12-19 17:16:57,636 [INFO] PluginManager:220 - loadIPPluginJar : add ltdc
2024-12-19 17:16:57,643 [INFO] IPUIPlugin:80 - create IPUIPlugin
2024-12-19 17:16:57,644 [INFO] PluginManager:220 - loadIPPluginJar : add usbx
2024-12-19 17:16:57,651 [INFO] IPUIPlugin:80 - create IPUIPlugin
2024-12-19 17:16:57,651 [INFO] PluginManager:220 - loadIPPluginJar : add hash
2024-12-19 17:16:57,658 [INFO] IPUIPlugin:80 - create IPUIPlugin
2024-12-19 17:16:57,658 [INFO] PluginManager:220 - loadIPPluginJar : add usart
2024-12-19 17:16:57,661 [INFO] IPUIPlugin:80 - create IPUIPlugin
2024-12-19 17:16:57,661 [INFO] PluginManager:220 - loadIPPluginJar : add tsc
2024-12-19 17:16:57,668 [INFO] IPUIPlugin:80 - create IPUIPlugin
2024-12-19 17:16:57,668 [INFO] PluginManager:220 - loadIPPluginJar : add resmgrutility
2024-12-19 17:16:57,675 [INFO] IPUIPlugin:80 - create IPUIPlugin
2024-12-19 17:16:57,676 [INFO] PluginManager:220 - loadIPPluginJar : add comp
2024-12-19 17:16:57,682 [INFO] IPUIPlugin:80 - create IPUIPlugin
2024-12-19 17:16:57,682 [INFO] PluginManager:220 - loadIPPluginJar : add i2s
2024-12-19 17:16:57,686 [INFO] IPUIPlugin:80 - create IPUIPlugin
2024-12-19 17:16:57,687 [INFO] PluginManager:220 - loadIPPluginJar : add genericplugin
2024-12-19 17:16:57,704 [INFO] IPUIPlugin:80 - create IPUIPlugin
2024-12-19 17:16:57,707 [INFO] PluginManager:220 - loadIPPluginJar : add adc
2024-12-19 17:16:57,774 [INFO] ThirdPartyUpdaterWithRetryManager:70 - Updater plugin not ready yet. [2/15]
2024-12-19 17:16:57,872 [INFO] CADModel:165 - CPN selected for project level
2024-12-19 17:16:57,872 [INFO] CADModel:114 - Register for checkConnection events
2024-12-19 17:16:57,873 [FATAL] Updater:334 - Updater called before beeing initialized
2024-12-19 17:16:57,873 [ERROR] CADModel:125 - Updater not yet initialized, retry later 
2024-12-19 17:16:58,176 [INFO] CADModel:165 - CPN selected for project level
2024-12-19 17:16:58,176 [INFO] CADModel:114 - Register for checkConnection events
2024-12-19 17:16:58,177 [FATAL] Updater:334 - Updater called before beeing initialized
2024-12-19 17:16:58,177 [ERROR] CADModel:125 - Updater not yet initialized, retry later 
2024-12-19 17:16:58,191 [FATAL] Updater:334 - Updater called before beeing initialized
2024-12-19 17:16:58,444 [FATAL] Updater:334 - Updater called before beeing initialized
2024-12-19 17:16:58,454 [INFO] DbMcusAds:53 - JSON generation date=Fri Sep 20 15:04:23 CEST 2024 (1726837463113)
2024-12-19 17:16:58,456 [FATAL] Updater:334 - Updater called before beeing initialized
2024-12-19 17:16:58,530 [WARN] DetailPanel:346 - Failed to get advertising image, set to default
2024-12-19 17:16:58,679 [FATAL] Updater:334 - Updater called before beeing initialized
2024-12-19 17:16:58,682 [FATAL] Updater:334 - Updater called before beeing initialized
2024-12-19 17:16:58,682 [FATAL] Updater:334 - Updater called before beeing initialized
2024-12-19 17:16:58,682 [WARN] DetailPanel:346 - Failed to get advertising image, set to default
2024-12-19 17:16:58,684 [FATAL] Updater:334 - Updater called before beeing initialized
2024-12-19 17:16:58,766 [ERROR] Updater:1164 - MainUpdater not yet initialized. External WinMGr cannot be set.
2024-12-19 17:16:58,772 [INFO] Updater:1100 - Updater Version found : 6.12.1
2024-12-19 17:16:58,832 [INFO] ApplicationProperties:184 - Using Application install path: /opt/st/stm32cubeide_1.16.1/plugins/com.st.stm32cube.common.mx_6.12.1.202409122256
2024-12-19 17:16:59,951 [INFO] MainUpdater:2873 - connection check result : 10
2024-12-19 17:16:59,951 [INFO] MainUpdater:3567 - Updater definition file requires update
2024-12-19 17:16:59,959 [INFO] MainUpdater:290 - Updater Check For Update Now.
2024-12-19 17:16:59,959 [INFO] MicroXplorer:498 - Change Database Version : DB.6.0.121
2024-12-19 17:16:59,976 [INFO] McuFinderGlobals:63 - Set McuFinder mode to 2 (CubeIDE integrated)
2024-12-19 17:16:59,980 [INFO] UserAuth:417 - Internet connection configuration mode: 1
2024-12-19 17:17:00,016 [INFO] ServerAccessManage:473 - Download File updaters.zip
2024-12-19 17:17:00,061 [INFO] JxBrowserEngine:152 - Initiate JxBrowser Engine with user profile folder
2024-12-19 17:17:00,524 [INFO] FileExtend:240 - Unzip File : updaters.zip
2024-12-19 17:17:00,525 [INFO] FileExtend:255 - Standard Zip Deflate
2024-12-19 17:17:00,801 [WARN] MainUpdater:1194 - Updater busy. Cannot search thirdparties
2024-12-19 17:17:00,802 [INFO] ThirdPartyUpdaterWithRetryManager:96 - Updater plugin is busy. [1/15]
2024-12-19 17:17:01,782 [INFO] ServerAccessManage:473 - Download File PacksControlFlags.xml
2024-12-19 17:17:02,181 [INFO] ServerAccessManage:473 - Download File cubemx.pidx
2024-12-19 17:17:03,808 [WARN] MainUpdater:1194 - Updater busy. Cannot search thirdparties
2024-12-19 17:17:03,809 [INFO] ThirdPartyUpdaterWithRetryManager:96 - Updater plugin is busy. [2/15]
2024-12-19 17:17:04,938 [INFO] ServerAccessManage:473 - Download File STMicroelectronics.X-CUBE-GNSS1.pdsc
2024-12-19 17:17:05,514 [ERROR] ServerAccessManage:1089 - Problem, file not found on Server
2024-12-19 17:17:05,660 [ERROR] ServerAccessManage:1089 - Problem, file not found on Server
2024-12-19 17:17:05,808 [ERROR] ServerAccessManage:1089 - Problem, file not found on Server
2024-12-19 17:17:05,906 [INFO] WebApp:167 - Instantiating new browser for Auth
2024-12-19 17:17:05,960 [ERROR] ServerAccessManage:1089 - Problem, file not found on Server
2024-12-19 17:17:06,023 [ERROR] ServerAccessManage:1089 - Problem, file not found on Server
2024-12-19 17:17:06,239 [ERROR] ServerAccessManage:1089 - Problem, file not found on Server
2024-12-19 17:17:06,693 [INFO] ServerAccessManage:473 - Download File STMicroelectronics.X-CUBE-MEMS1.pdsc
2024-12-19 17:17:06,811 [WARN] MainUpdater:1194 - Updater busy. Cannot search thirdparties
2024-12-19 17:17:06,811 [INFO] ThirdPartyUpdaterWithRetryManager:96 - Updater plugin is busy. [3/15]
2024-12-19 17:17:08,730 [INFO] WebApp:448 - Apply proxy settings
2024-12-19 17:17:08,730 [INFO] WebApp:533 - Chromium requires no authentication
2024-12-19 17:17:08,752 [INFO] WebApp:476 - Direct internet connection detected
2024-12-19 17:17:08,813 [INFO] WebApp:869 - Register for checkConnection events
2024-12-19 17:17:08,813 [INFO] WebApp:448 - Apply proxy settings
2024-12-19 17:17:08,813 [INFO] WebApp:533 - Chromium requires no authentication
2024-12-19 17:17:08,814 [INFO] WebApp:476 - Direct internet connection detected
2024-12-19 17:17:09,261 [INFO] WebApp:186 - Connection restablished
2024-12-19 17:17:09,562 [INFO] WebApp:220 - Starting web application
2024-12-19 17:17:09,563 [INFO] WebApp:578 - Web application path used /opt/st/stm32cubeide_1.16.1/plugins/com.st.stm32cube.common.mx_6.12.1.202409122256/db/plugins/mcufinder/reactClient1/index.html
2024-12-19 17:17:09,713 [WARN] PackLoader:240 - Cannot read IP mode file for STMicroelectronics.X-CUBE-GNSS1.7.0.1
2024-12-19 17:17:09,814 [WARN] MainUpdater:1194 - Updater busy. Cannot search thirdparties
2024-12-19 17:17:09,814 [INFO] ThirdPartyUpdaterWithRetryManager:96 - Updater plugin is busy. [4/15]
2024-12-19 17:17:10,125 [INFO] UserAuth:417 - Internet connection configuration mode: 1
2024-12-19 17:17:10,141 [INFO] CheckServerUpdateThread:120 - End of CheckServer Thread
2024-12-19 17:17:10,309 [WARN] PackLoader:240 - Cannot read IP mode file for STMicroelectronics.X-CUBE-MEMS1.11.1.0
2024-12-19 17:17:11,272 [INFO] PopulateThirdPartyThread:66 - Ending populate Thread
2024-12-19 17:17:11,280 [INFO] ThirdParty:1030 - CMSIS Pack Vendor :STMicroelectronics X-CUBE-GNSS1 7.0.1
2024-12-19 17:17:11,280 [INFO] ThirdParty:1030 - CMSIS Pack Vendor :STMicroelectronics X-CUBE-MEMS1 11.1.0
2024-12-19 17:17:11,281 [INFO] LoadServerUpdatesThread:375 - End of LoadServerUpdate Thread
2024-12-19 17:17:13,449 [WARN] PackLoader:240 - Cannot read IP mode file for STMicroelectronics.FP-SNS-MOTENVWB1.1.4.0
2024-12-19 17:17:13,472 [WARN] PackLoader:240 - Cannot read IP mode file for STMicroelectronics.FP-ATR-ASTRA1.2.0.1
2024-12-19 17:17:13,498 [WARN] PackLoader:240 - Cannot read IP mode file for STMicroelectronics.X-CUBE-SMBUS.2.1.0
2024-12-19 17:17:13,519 [WARN] PackLoader:240 - Cannot read IP mode file for STMicroelectronics.X-CUBE-WB05N.1.1.0
2024-12-19 17:17:13,615 [WARN] PackLoader:240 - Cannot read IP mode file for STMicroelectronics.X-CUBE-AZRTOS-F7.1.1.0
2024-12-19 17:17:13,836 [WARN] PackLoader:240 - Cannot read IP mode file for STMicroelectronics.X-CUBE-MEMS1.11.0.0
2024-12-19 17:17:14,180 [WARN] PackLoader:240 - Cannot read IP mode file for STMicroelectronics.FP-SNS-FLIGHT1.5.0.2
2024-12-19 17:17:14,192 [WARN] PackLoader:240 - Cannot read IP mode file for STMicroelectronics.X-CUBE-DISPLAY.3.0.0
2024-12-19 17:17:14,212 [WARN] PackLoader:240 - Cannot read IP mode file for STMicroelectronics.X-CUBE-BLE1.7.0.0
2024-12-19 17:17:14,231 [WARN] PackLoader:240 - Cannot read IP mode file for STMicroelectronics.X-CUBE-NFC10.1.0.0
2024-12-19 17:17:14,272 [WARN] PackLoader:240 - Cannot read IP mode file for STMicroelectronics.X-CUBE-BLEMGR.4.0.0
2024-12-19 17:17:14,294 [WARN] PackLoader:240 - Cannot read IP mode file for emotas.I-CUBE-CANOPEN.1.3.0
2024-12-19 17:17:14,322 [WARN] PackLoader:240 - Cannot read IP mode file for STMicroelectronics.X-CUBE-BLEMGR.3.1.0
2024-12-19 17:17:14,340 [WARN] PackLoader:240 - Cannot read IP mode file for STMicroelectronics.FP-SNS-SMARTAG2.1.2.0
2024-12-19 17:17:14,589 [WARN] PackLoader:240 - Cannot read IP mode file for STMicroelectronics.X-CUBE-MEMS1.11.1.0
2024-12-19 17:17:15,468 [INFO] LogOutputStream:77 - [STDOUT_REDIRECT] 1 : Invalid condition id : UX_CORESTACK_Condition cause : null
2024-12-19 17:17:15,471 [INFO] LogOutputStream:77 - [STDOUT_REDIRECT] 1 : Invalid condition id : UX_CORESTACK_Condition cause : null
2024-12-19 17:17:15,472 [INFO] LogOutputStream:77 - [STDOUT_REDIRECT] 1 : Invalid condition id : UX_CORESTACK_Condition cause : null
2024-12-19 17:17:15,472 [INFO] LogOutputStream:77 - [STDOUT_REDIRECT] 1 : Invalid condition id : UX_CORESTACK_Condition cause : null
2024-12-19 17:17:15,473 [INFO] LogOutputStream:77 - [STDOUT_REDIRECT] 1 : Invalid condition id : UX_CORESTACK_Condition cause : null
2024-12-19 17:17:15,483 [WARN] PackLoader:240 - Cannot read IP mode file for STMicroelectronics.X-CUBE-AZRTOS-WL.2.0.0
2024-12-19 17:17:15,499 [WARN] PackLoader:240 - Cannot read IP mode file for STMicroelectronics.FP-SNS-MOTENV1.5.0.0
2024-12-19 17:17:15,512 [WARN] PackLoader:240 - Cannot read IP mode file for wolfSSL.I-CUBE-wolfMQTT.1.19.0
2024-12-19 17:17:15,522 [WARN] PackLoader:240 - Cannot read IP mode file for WES.I-CUBE-Cesium.1.3.0
2024-12-19 17:17:15,535 [WARN] PackLoader:240 - Cannot read IP mode file for STMicroelectronics.X-CUBE-BLE2.3.3.0
2024-12-19 17:17:15,596 [WARN] PackLoader:240 - Cannot read IP mode file for STMicroelectronics.X-CUBE-NFC9.1.0.0
2024-12-19 17:17:15,625 [WARN] PackLoader:240 - Cannot read IP mode file for STMicroelectronics.X-CUBE-TCPP.4.1.0
2024-12-19 17:17:15,672 [WARN] PackLoader:240 - Cannot read IP mode file for STMicroelectronics.X-CUBE-AZRTOS-G0.1.1.0
2024-12-19 17:17:15,702 [WARN] PackLoader:240 - Cannot read IP mode file for STMicroelectronics.X-CUBE-SAFEA1.1.2.2
2024-12-19 17:17:15,723 [WARN] PackLoader:240 - Cannot read IP mode file for STMicroelectronics.X-CUBE-NFC4.3.0.0
2024-12-19 17:17:15,768 [WARN] PackLoader:240 - Cannot read IP mode file for EmbeddedOffice.I-CUBE-FS-RTOS.1.0.1
2024-12-19 17:17:15,769 [ERROR] ConditionMgr:805 - Attr not supported : Dmpu
2024-12-19 17:17:15,770 [ERROR] ConditionMgr:805 - Attr not supported : Dmpu
2024-12-19 17:17:15,770 [ERROR] ConditionMgr:805 - Attr not supported : Dmpu
2024-12-19 17:17:15,772 [ERROR] ConditionMgr:805 - Attr not supported : Dmpu
2024-12-19 17:17:15,772 [ERROR] ConditionMgr:805 - Attr not supported : Dmpu
2024-12-19 17:17:15,772 [ERROR] ConditionMgr:805 - Attr not supported : Dmpu
2024-12-19 17:17:15,772 [ERROR] ConditionMgr:805 - Attr not supported : Dmpu
2024-12-19 17:17:15,772 [ERROR] ConditionMgr:805 - Attr not supported : Dmpu
2024-12-19 17:17:15,775 [ERROR] ConditionMgr:805 - Attr not supported : Dmpu
2024-12-19 17:17:15,775 [ERROR] ConditionMgr:805 - Attr not supported : Dmpu
2024-12-19 17:17:15,775 [ERROR] ConditionMgr:805 - Attr not supported : Dmpu
2024-12-19 17:17:15,775 [ERROR] ConditionMgr:805 - Attr not supported : Dmpu
2024-12-19 17:17:15,776 [ERROR] ConditionMgr:805 - Attr not supported : Dmpu
2024-12-19 17:17:15,776 [ERROR] ConditionMgr:805 - Attr not supported : Dmpu
2024-12-19 17:17:15,776 [ERROR] ConditionMgr:805 - Attr not supported : Dmpu
2024-12-19 17:17:15,776 [ERROR] ConditionMgr:805 - Attr not supported : Dmpu
2024-12-19 17:17:15,776 [ERROR] ConditionMgr:805 - Attr not supported : Dmpu
2024-12-19 17:17:15,776 [ERROR] ConditionMgr:805 - Attr not supported : Dmpu
2024-12-19 17:17:15,776 [ERROR] ConditionMgr:805 - Attr not supported : Dmpu
2024-12-19 17:17:15,776 [ERROR] ConditionMgr:805 - Attr not supported : Dmpu
2024-12-19 17:17:15,784 [ERROR] ConditionMgr:805 - Attr not supported : Dmpu
2024-12-19 17:17:15,785 [ERROR] ConditionMgr:805 - Attr not supported : Dmpu
2024-12-19 17:17:15,785 [ERROR] ConditionMgr:805 - Attr not supported : Dmpu
2024-12-19 17:17:15,785 [ERROR] ConditionMgr:805 - Attr not supported : Dmpu
2024-12-19 17:17:15,785 [ERROR] ConditionMgr:805 - Attr not supported : Dmpu
2024-12-19 17:17:15,785 [ERROR] ConditionMgr:805 - Attr not supported : Dmpu
2024-12-19 17:17:15,785 [ERROR] ConditionMgr:805 - Attr not supported : Dmpu
2024-12-19 17:17:15,785 [ERROR] ConditionMgr:805 - Attr not supported : Dmpu
2024-12-19 17:17:15,785 [ERROR] ConditionMgr:805 - Attr not supported : Dmpu
2024-12-19 17:17:15,785 [ERROR] ConditionMgr:805 - Attr not supported : Dmpu
2024-12-19 17:17:15,786 [ERROR] ConditionMgr:805 - Attr not supported : Dmpu
2024-12-19 17:17:15,786 [ERROR] ConditionMgr:805 - Attr not supported : Dmpu
2024-12-19 17:17:15,786 [ERROR] ConditionMgr:805 - Attr not supported : Dmpu
2024-12-19 17:17:15,786 [ERROR] ConditionMgr:805 - Attr not supported : Dmpu
2024-12-19 17:17:15,786 [ERROR] ConditionMgr:805 - Attr not supported : Dmpu
2024-12-19 17:17:15,786 [ERROR] ConditionMgr:805 - Attr not supported : Dmpu
2024-12-19 17:17:15,786 [ERROR] ConditionMgr:805 - Attr not supported : Dmpu
2024-12-19 17:17:15,795 [ERROR] ConditionMgr:805 - Attr not supported : Dmpu
2024-12-19 17:17:15,797 [ERROR] ConditionMgr:805 - Attr not supported : Dmpu
2024-12-19 17:17:15,797 [ERROR] ConditionMgr:805 - Attr not supported : Dmpu
2024-12-19 17:17:15,797 [ERROR] ConditionMgr:805 - Attr not supported : Dmpu
2024-12-19 17:17:15,798 [ERROR] ConditionMgr:805 - Attr not supported : Dmpu
2024-12-19 17:17:15,798 [ERROR] ConditionMgr:805 - Attr not supported : Dmpu
2024-12-19 17:17:15,798 [ERROR] ConditionMgr:805 - Attr not supported : Dmpu
2024-12-19 17:17:15,798 [ERROR] ConditionMgr:805 - Attr not supported : Dmpu
2024-12-19 17:17:15,803 [ERROR] ConditionMgr:805 - Attr not supported : Dmpu
2024-12-19 17:17:15,803 [ERROR] ConditionMgr:805 - Attr not supported : Dmpu
2024-12-19 17:17:15,804 [ERROR] ConditionMgr:805 - Attr not supported : Dmpu
2024-12-19 17:17:15,804 [ERROR] ConditionMgr:805 - Attr not supported : Dmpu
2024-12-19 17:17:15,804 [ERROR] ConditionMgr:805 - Attr not supported : Dmpu
2024-12-19 17:17:15,804 [ERROR] ConditionMgr:805 - Attr not supported : Dmpu
2024-12-19 17:17:15,804 [ERROR] ConditionMgr:805 - Attr not supported : Dmpu
2024-12-19 17:17:15,804 [ERROR] ConditionMgr:805 - Attr not supported : Dmpu
2024-12-19 17:17:15,804 [ERROR] ConditionMgr:805 - Attr not supported : Dmpu
2024-12-19 17:17:15,805 [ERROR] ConditionMgr:805 - Attr not supported : Dmpu
2024-12-19 17:17:15,805 [ERROR] ConditionMgr:805 - Attr not supported : Dmpu
2024-12-19 17:17:15,805 [ERROR] ConditionMgr:805 - Attr not supported : Dmpu
2024-12-19 17:17:15,805 [ERROR] ConditionMgr:805 - Attr not supported : Dmpu
2024-12-19 17:17:15,805 [ERROR] ConditionMgr:805 - Attr not supported : Dmpu
2024-12-19 17:17:15,805 [ERROR] ConditionMgr:805 - Attr not supported : Dmpu
2024-12-19 17:17:15,805 [ERROR] ConditionMgr:805 - Attr not supported : Dmpu
2024-12-19 17:17:15,813 [ERROR] ConditionMgr:805 - Attr not supported : Dmpu
2024-12-19 17:17:15,813 [ERROR] ConditionMgr:805 - Attr not supported : Dmpu
2024-12-19 17:17:15,813 [ERROR] ConditionMgr:805 - Attr not supported : Dmpu
2024-12-19 17:17:15,832 [ERROR] Engine:466 - /home/adam/.stm32cubemx/thirdparties/pdsc/STMicroelectronics.X-CUBE-TCPP.4.2.0.pdsc: PDSC version is not supported
2024-12-19 17:17:15,847 [WARN] PackLoader:240 - Cannot read IP mode file for RealThread.X-CUBE-RT-Thread_Nano.4.1.1
2024-12-19 17:17:15,879 [WARN] PackLoader:240 - Cannot read IP mode file for STMicroelectronics.FP-ATR-SIGFOX1.3.2.0
2024-12-19 17:17:15,890 [WARN] PackLoader:240 - Cannot read IP mode file for wolfSSL.I-CUBE-wolfSSL.5.7.2
2024-12-19 17:17:15,914 [WARN] ConditionMgr:438 - getConditionDescription Invalid condition id : Cortex-A Device cause : null
2024-12-19 17:17:16,034 [WARN] ConditionMgr:1039 - genDependencies : Invalid condition id : Cortex-A Device cause : null
2024-12-19 17:17:16,035 [WARN] ConditionMgr:1039 - genDependencies : Invalid condition id : Cortex-A Device cause : null
2024-12-19 17:17:16,035 [WARN] ConditionMgr:1039 - genDependencies : Invalid condition id : Cortex-A Device cause : null
2024-12-19 17:17:16,068 [WARN] PackLoader:240 - Cannot read IP mode file for STMicroelectronics.X-CUBE-EEPRMA1.5.1.0
2024-12-19 17:17:16,122 [WARN] PackLoader:240 - Cannot read IP mode file for ITTIA_DB.I-CUBE-ITTIADB.8.9.0
2024-12-19 17:17:16,340 [WARN] PackLoader:240 - Cannot read IP mode file for SEGGER.I-CUBE-embOS.1.3.1
2024-12-19 17:17:16,620 [WARN] PackLoader:240 - Cannot read IP mode file for STMicroelectronics.X-CUBE-ALGOBUILD.1.4.0
2024-12-19 17:17:16,634 [WARN] PackLoader:240 - Cannot read IP mode file for STMicroelectronics.X-CUBE-AI.9.1.0
2024-12-19 17:17:16,690 [WARN] PackLoader:240 - Cannot read IP mode file for STMicroelectronics.X-CUBE-AZRTOS-F4.1.1.0
2024-12-19 17:17:16,712 [WARN] PackLoader:240 - Cannot read IP mode file for STMicroelectronics.X-CUBE-ISPU.2.1.0
2024-12-19 17:17:16,746 [WARN] PackLoader:240 - Cannot read IP mode file for STMicroelectronics.X-CUBE-FREERTOS.1.2.0
2024-12-19 17:17:16,898 [WARN] PackLoader:240 - Cannot read IP mode file for STMicroelectronics.X-CUBE-AZRTOS-L5.2.0.0
2024-12-19 17:17:16,939 [WARN] PackLoader:240 - Cannot read IP mode file for STMicroelectronics.X-CUBE-NFC6.3.1.0
2024-12-19 17:17:16,969 [WARN] PackLoader:240 - Cannot read IP mode file for STMicroelectronics.X-CUBE-DPower.1.2.0
2024-12-19 17:17:17,027 [WARN] PackLoader:240 - Cannot read IP mode file for STMicroelectronics.X-CUBE-FREERTOS.1.3.0
2024-12-19 17:17:17,050 [WARN] PackLoader:240 - Cannot read IP mode file for STMicroelectronics.X-CUBE-NFC7.1.0.1
2024-12-19 17:17:17,205 [WARN] ConditionMgr:438 - getConditionDescription Invalid condition id : LAN8742 Phy interface Condition cause : null
2024-12-19 17:17:17,213 [WARN] PackLoader:240 - Cannot read IP mode file for STMicroelectronics.X-CUBE-AZRTOS-L4.2.0.0
2024-12-19 17:17:17,221 [WARN] ConditionMgr:1039 - genDependencies : Invalid condition id : LAN8742 Phy interface Condition cause : null
2024-12-19 17:17:17,222 [WARN] ConditionMgr:1039 - genDependencies : Invalid condition id : LAN8742 Phy interface Condition cause : null
2024-12-19 17:17:17,227 [WARN] ConditionMgr:1039 - genDependencies : Invalid condition id : LAN8742 Phy interface Condition cause : null
2024-12-19 17:17:17,282 [WARN] PackLoader:240 - Cannot read IP mode file for STMicroelectronics.X-CUBE-SFXS2LP1.4.0.0
2024-12-19 17:17:17,489 [WARN] PackLoader:240 - Cannot read IP mode file for STMicroelectronics.X-CUBE-AZRTOS-H7.3.3.0
2024-12-19 17:17:17,589 [WARN] PackLoader:240 - Cannot read IP mode file for STMicroelectronics.X-CUBE-IPS.3.0.0
2024-12-19 17:17:17,667 [WARN] ConditionMgr:438 - getConditionDescription Invalid condition id : UX DEVICE CLASS RTOS Condition cause : null
2024-12-19 17:17:17,668 [WARN] ConditionMgr:438 - getConditionDescription Invalid condition id : UX DEVICE CLASS RTOS Condition cause : null
2024-12-19 17:17:17,672 [WARN] PackLoader:240 - Cannot read IP mode file for STMicroelectronics.X-CUBE-AZRTOS-WB.2.0.0
2024-12-19 17:17:17,681 [WARN] ConditionMgr:1039 - genDependencies : Invalid condition id : UX DEVICE CLASS RTOS Condition cause : null
2024-12-19 17:17:17,682 [WARN] ConditionMgr:1039 - genDependencies : Invalid condition id : UX DEVICE CLASS RTOS Condition cause : null
2024-12-19 17:17:17,685 [WARN] ConditionMgr:1039 - genDependencies : Invalid condition id : UX DEVICE CLASS RTOS Condition cause : null
2024-12-19 17:17:17,686 [WARN] ConditionMgr:1039 - genDependencies : Invalid condition id : UX DEVICE CLASS RTOS Condition cause : null
2024-12-19 17:17:17,686 [WARN] ConditionMgr:1039 - genDependencies : Invalid condition id : UX DEVICE CLASS RTOS Condition cause : null
2024-12-19 17:17:17,716 [WARN] PackLoader:240 - Cannot read IP mode file for STMicroelectronics.X-CUBE-GNSS1.7.0.0
2024-12-19 17:17:17,725 [WARN] PackLoader:240 - Cannot read IP mode file for STMicroelectronics.X-CUBE-GNSS1.7.0.1
2024-12-19 17:17:17,770 [WARN] PackLoader:240 - Cannot read IP mode file for STMicroelectronics.FP-SNS-STBOX1.2.0.0
2024-12-19 17:17:17,821 [WARN] PackLoader:240 - Cannot read IP mode file for STMicroelectronics.X-CUBE-SUBG2.5.0.0
2024-12-19 17:17:17,894 [WARN] PackLoader:240 - Cannot read IP mode file for Cesanta.I-CUBE-Mongoose.7.13.0
2024-12-19 17:17:17,965 [WARN] PackLoader:240 - Cannot read IP mode file for STMicroelectronics.X-CUBE-AZRTOS-G4.2.0.0
2024-12-19 17:17:17,986 [WARN] PackLoader:240 - Cannot read IP mode file for STMicroelectronics.X-CUBE-ALS.1.0.2
2024-12-19 17:17:18,000 [WARN] PackLoader:240 - Cannot read IP mode file for STMicroelectronics.X-CUBE-TOUCHGFX.4.24.1
2024-12-19 17:17:18,008 [WARN] PackLoader:240 - Cannot read IP mode file for wolfSSL.I-CUBE-wolfTPM.3.4.0
2024-12-19 17:17:18,024 [WARN] PackLoader:240 - Cannot read IP mode file for portGmbH.I-Cube-SoM-uGOAL.1.1.0
2024-12-19 17:17:18,084 [WARN] PackLoader:240 - Cannot read IP mode file for STMicroelectronics.X-CUBE-AZRTOS-H7RS.1.0.0
2024-12-19 17:17:18,104 [WARN] PackLoader:240 - Cannot read IP mode file for STMicroelectronics.FP-ATR-ASTRA1.2.0.0
2024-12-19 17:17:18,154 [WARN] PackLoader:240 - Cannot read IP mode file for STMicroelectronics.X-CUBE-TOF1.3.4.2
2024-12-19 17:17:18,328 [WARN] PackLoader:240 - Cannot read IP mode file for Infineon.AIROC-Wi-Fi-Bluetooth-STM32.1.6.1
2024-12-19 17:17:18,359 [WARN] PackLoader:240 - Cannot read IP mode file for wolfSSL.I-CUBE-wolfSSH.1.4.17
2024-12-19 17:17:18,364 [INFO] ThirdParty:978 - Integrity check success = true
2024-12-19 17:17:18,364 [INFO] IntegrityCheckThread:100 - exiting critical section [integrity check]
2024-12-19 17:17:18,364 [INFO] IntegrityCheckThread:103 - End integrity checks thread
