2024-12-03 13:56:00,645 [INFO] Activator:176 - 


2024-12-03 13:56:00,653 [INFO] Activator:177 - !SESSION log4j initialized
2024-12-03 13:56:08,002 [INFO] LogOutputStream:77 - [STDOUT_REDIRECT] 
2024-12-03 13:56:09,083 [INFO] ApplicationProperties:184 - Using Application install path: /opt/st/stm32cubeide_1.16.1/plugins/com.st.stm32cube.common.mx_6.12.1.202409122256
2024-12-03 13:56:09,114 [INFO] DbMcusXml:78 - Set database path to: /opt/st/stm32cubeide_1.16.1/plugins/com.st.stm32cube.common.mx_6.12.1.202409122256//db//mcu/
2024-12-03 13:56:09,114 [INFO] ApiDb:274 - Set plugin database path to: /opt/st/stm32cubeide_1.16.1/plugins/com.st.stm32cube.common.mx_6.12.1.202409122256//db//plugins/boardmanager/
2024-12-03 13:56:09,115 [WARN] ApiDb:259 - Overriding images path with different value:  => /opt/st/stm32cubeide_1.16.1/plugins/com.st.stm32cube.common.mx_6.12.1.202409122256//db//plugins/mcufinder/images/
2024-12-03 13:56:09,124 [INFO] ApiDb:250 - Set database path to: /home/adam/.stmcufinder/plugins/mcufinder//mcu/
2024-12-03 13:56:09,126 [INFO] DbMcusAds:125 - Set database path to: /home/adam/.stmcufinder/plugins/mcufinder//mcu/
2024-12-03 13:56:09,130 [INFO] CrossReferenceDbSqlite:203 - Set database path to: /home/adam/.stmcufinder/plugins/mcufinder//mcu/cs/
2024-12-03 13:56:09,321 [INFO] RulesReader:64 - Compatibility file has been processed (297 Rules)
2024-12-03 13:56:09,417 [INFO] DbMcusXml:78 - Set database path to: /opt/st/stm32cubeide_1.16.1/plugins/com.st.stm32cube.common.mx_6.12.1.202409122256//db//mcu/
2024-12-03 13:56:09,417 [INFO] ApiDb:274 - Set plugin database path to: /opt/st/stm32cubeide_1.16.1/plugins/com.st.stm32cube.common.mx_6.12.1.202409122256//db//plugins/boardmanager/
2024-12-03 13:56:09,417 [INFO] ApiDb:261 - Set plugin images path to: /opt/st/stm32cubeide_1.16.1/plugins/com.st.stm32cube.common.mx_6.12.1.202409122256//db//plugins/mcufinder/images/
2024-12-03 13:56:09,418 [WARN] DbFile:41 - Overriding database path with different value: /home/adam/.stmcufinder/plugins/mcufinder/ => /home/adam/.stmcufinder/plugins/mcufinder
2024-12-03 13:56:09,418 [INFO] ApiDb:250 - Set database path to: /home/adam/.stmcufinder/plugins/mcufinder//mcu/
2024-12-03 13:56:09,418 [WARN] DbFile:41 - Overriding database path with different value: /home/adam/.stmcufinder/plugins/mcufinder/ => /home/adam/.stmcufinder/plugins/mcufinder
2024-12-03 13:56:09,418 [INFO] DbMcusAds:125 - Set database path to: /home/adam/.stmcufinder/plugins/mcufinder//mcu/
2024-12-03 13:56:09,419 [WARN] DbFile:41 - Overriding database path with different value: /home/adam/.stmcufinder/plugins/mcufinder/ => /home/adam/.stmcufinder/plugins/mcufinder
2024-12-03 13:56:09,419 [WARN] DbFile:41 - Overriding database path with different value: /home/adam/.stmcufinder/plugins/mcufinder/ => /home/adam/.stmcufinder/plugins/mcufinder
2024-12-03 13:56:09,419 [INFO] CrossReferenceDbSqlite:203 - Set database path to: /home/adam/.stmcufinder/plugins/mcufinder//mcu/cs/
2024-12-03 13:56:09,541 [INFO] MainPanel:268 - HeapMemory: 268435456
2024-12-03 13:56:09,749 [INFO] DbMcusXml:78 - Set database path to: /opt/st/stm32cubeide_1.16.1/plugins/com.st.stm32cube.common.mx_6.12.1.202409122256//db//mcu/
2024-12-03 13:56:09,750 [INFO] ApiDb:274 - Set plugin database path to: /opt/st/stm32cubeide_1.16.1/plugins/com.st.stm32cube.common.mx_6.12.1.202409122256//db//plugins/boardmanager/
2024-12-03 13:56:09,750 [INFO] ApiDb:261 - Set plugin images path to: /opt/st/stm32cubeide_1.16.1/plugins/com.st.stm32cube.common.mx_6.12.1.202409122256//db//plugins/mcufinder/images/
2024-12-03 13:56:09,750 [WARN] DbFile:41 - Overriding database path with different value: /home/adam/.stmcufinder/plugins/mcufinder/ => /home/adam/.stmcufinder/plugins/mcufinder
2024-12-03 13:56:09,751 [INFO] ApiDb:250 - Set database path to: /home/adam/.stmcufinder/plugins/mcufinder//mcu/
2024-12-03 13:56:09,751 [WARN] DbFile:41 - Overriding database path with different value: /home/adam/.stmcufinder/plugins/mcufinder/ => /home/adam/.stmcufinder/plugins/mcufinder
2024-12-03 13:56:09,751 [INFO] DbMcusAds:125 - Set database path to: /home/adam/.stmcufinder/plugins/mcufinder//mcu/
2024-12-03 13:56:09,751 [WARN] DbFile:41 - Overriding database path with different value: /home/adam/.stmcufinder/plugins/mcufinder/ => /home/adam/.stmcufinder/plugins/mcufinder
2024-12-03 13:56:09,751 [WARN] DbFile:41 - Overriding database path with different value: /home/adam/.stmcufinder/plugins/mcufinder/ => /home/adam/.stmcufinder/plugins/mcufinder
2024-12-03 13:56:09,752 [INFO] CrossReferenceDbSqlite:203 - Set database path to: /home/adam/.stmcufinder/plugins/mcufinder//mcu/cs/
2024-12-03 13:56:09,777 [INFO] ApplicationProperties:184 - Using Application install path: /opt/st/stm32cubeide_1.16.1/plugins/com.st.stm32cube.common.mx_6.12.1.202409122256
2024-12-03 13:56:09,779 [INFO] PluginManage:196 - Search for loadable plugins [exclusion list=, ]
2024-12-03 13:56:09,781 [INFO] PluginManage:310 - Check plugin analytics
2024-12-03 13:56:10,003 [INFO] AnalyticsPlugin:253 - Accepted Software Licenses: 
2024-12-03 13:56:10,004 [INFO] AnalyticsPlugin:255 - Accepted CMSIS Pack Licenses: 
2024-12-03 13:56:10,004 [INFO] AnalyticsPlugin:257 - Accepted Firmware Licenses: FW.L4.1.18.0
2024-12-03 13:56:10,008 [INFO] PluginManage:359 - Loaded plugin analytics (category:tool,tabindex:-1)
2024-12-03 13:56:10,008 [INFO] PluginManage:310 - Check plugin cadmodel
2024-12-03 13:56:10,016 [INFO] CADModel:105 - Init CAD model plugin
2024-12-03 13:56:10,017 [INFO] PluginManage:359 - Loaded plugin cadmodel (category:power,tabindex:5)
2024-12-03 13:56:10,017 [INFO] PluginManage:310 - Check plugin clock
2024-12-03 13:56:10,032 [INFO] PluginManage:359 - Loaded plugin clock (category:base,tabindex:2)
2024-12-03 13:56:10,032 [INFO] PluginManage:310 - Check plugin ddr
2024-12-03 13:56:10,036 [INFO] PluginManage:359 - Loaded plugin ddr (category:tool,tabindex:6)
2024-12-03 13:56:10,036 [INFO] PluginManage:310 - Check plugin filemanager
2024-12-03 13:56:10,258 [INFO] PluginManage:359 - Loaded plugin filemanager (category:base,tabindex:10)
2024-12-03 13:56:10,258 [INFO] PluginManage:310 - Check plugin ipmanager
2024-12-03 13:56:10,264 [INFO] PluginManage:359 - Loaded plugin ipmanager (category:base,tabindex:5)
2024-12-03 13:56:10,264 [INFO] PluginManage:310 - Check plugin lpbam
2024-12-03 13:56:10,276 [INFO] PluginManage:359 - Loaded plugin lpbam (category:base,tabindex:0)
2024-12-03 13:56:10,276 [INFO] PluginManage:310 - Check plugin memorymap
2024-12-03 13:56:10,294 [INFO] PluginManage:359 - Loaded plugin memorymap (category:base,tabindex:4)
2024-12-03 13:56:10,294 [INFO] PluginManage:310 - Check plugin pinoutandconfiguration
2024-12-03 13:56:10,308 [INFO] PluginManage:359 - Loaded plugin pinoutandconfiguration (category:base,tabindex:1)
2024-12-03 13:56:10,308 [INFO] PluginManage:310 - Check plugin pinoutconfig
2024-12-03 13:56:10,443 [WARN] SupportedApi:132 - Cannot load RTOS API schema: s4s-elt-must-match.1: The content of 'definitions' must match (annotation?, (simpleType | complexType)?, (unique | key | keyref)*)). A problem was found starting at: attribute.
2024-12-03 13:56:10,648 [INFO] PluginManage:359 - Loaded plugin pinoutconfig (category:base,tabindex:0)
2024-12-03 13:56:10,648 [INFO] PluginManage:310 - Check plugin power
2024-12-03 13:56:10,663 [INFO] PluginManage:359 - Loaded plugin power (category:power,tabindex:4)
2024-12-03 13:56:10,663 [INFO] PluginManage:310 - Check plugin projectmanager
2024-12-03 13:56:10,688 [INFO] PluginManage:359 - Loaded plugin projectmanager (category:projectmanager,tabindex:4)
2024-12-03 13:56:10,688 [INFO] PluginManage:310 - Check plugin rif
2024-12-03 13:56:10,697 [INFO] PluginManage:359 - Loaded plugin rif (category:base,tabindex:3)
2024-12-03 13:56:10,697 [INFO] PluginManage:310 - Check plugin thirdparty
2024-12-03 13:56:10,884 [INFO] PluginManage:359 - Loaded plugin thirdparty (category:base,tabindex:-1)
2024-12-03 13:56:10,885 [INFO] PluginManage:310 - Check plugin tools
2024-12-03 13:56:10,885 [WARN] IntegrityCheckThread:84 - waiting for thirdparty lock release [integrity check]
2024-12-03 13:56:10,886 [INFO] IntegrityCheckThread:86 - entering critical section [integrity check]
2024-12-03 13:56:10,886 [INFO] ThirdPartyUpdaterWithRetryManager:70 - Updater plugin not ready yet. [1/15]
2024-12-03 13:56:10,890 [INFO] PluginManage:359 - Loaded plugin tools (category:base,tabindex:7)
2024-12-03 13:56:10,890 [INFO] PluginManage:310 - Check plugin tutovideos
2024-12-03 13:56:11,117 [INFO] PluginManage:359 - Loaded plugin tutovideos (category:base,tabindex:-1)
2024-12-03 13:56:11,118 [INFO] PluginManage:310 - Check plugin updater
2024-12-03 13:56:11,142 [INFO] PluginManage:359 - Loaded plugin updater (category:base,tabindex:12)
2024-12-03 13:56:11,142 [INFO] PluginManage:310 - Check plugin userauth
2024-12-03 13:56:11,150 [INFO] UserAuth:113 - Init User Auth plugin
2024-12-03 13:56:11,151 [INFO] PluginManage:359 - Loaded plugin userauth (category:base,tabindex:14)
2024-12-03 13:56:11,151 [INFO] PluginManage:283 - PluginManage : Loaded plugins [18]
2024-12-03 13:56:11,390 [INFO] PinOutPanel:1561 - setPackage(No Configuration,No Configuration)
2024-12-03 13:56:11,483 [INFO] CADModel:165 - CPN selected for project level
2024-12-03 13:56:11,483 [INFO] CADModel:114 - Register for checkConnection events
2024-12-03 13:56:11,499 [INFO] IPUIPlugin:80 - create IPUIPlugin
2024-12-03 13:56:11,499 [INFO] PluginManager:220 - loadIPPluginJar : add lorawan
2024-12-03 13:56:11,502 [INFO] IPUIPlugin:80 - create IPUIPlugin
2024-12-03 13:56:11,502 [INFO] PluginManager:220 - loadIPPluginJar : add cryp
2024-12-03 13:56:11,508 [INFO] IPUIPlugin:80 - create IPUIPlugin
2024-12-03 13:56:11,509 [INFO] PluginManager:220 - loadIPPluginJar : add gic
2024-12-03 13:56:11,513 [INFO] IPUIPlugin:80 - create IPUIPlugin
2024-12-03 13:56:11,513 [INFO] PluginManager:220 - loadIPPluginJar : add touchsensing
2024-12-03 13:56:11,515 [INFO] IPUIPlugin:80 - create IPUIPlugin
2024-12-03 13:56:11,516 [INFO] PluginManager:220 - loadIPPluginJar : add dma3
2024-12-03 13:56:11,517 [INFO] IPUIPlugin:80 - create IPUIPlugin
2024-12-03 13:56:11,517 [INFO] PluginManager:220 - loadIPPluginJar : add quadspi
2024-12-03 13:56:11,521 [INFO] IPUIPlugin:80 - create IPUIPlugin
2024-12-03 13:56:11,521 [INFO] PluginManager:220 - loadIPPluginJar : add ddr_ctrl_phy
2024-12-03 13:56:11,523 [INFO] IPUIPlugin:80 - create IPUIPlugin
2024-12-03 13:56:11,523 [INFO] PluginManager:220 - loadIPPluginJar : add radio
2024-12-03 13:56:11,526 [INFO] IPUIPlugin:80 - create IPUIPlugin
2024-12-03 13:56:11,526 [INFO] PluginManager:220 - loadIPPluginJar : add ts
2024-12-03 13:56:11,531 [INFO] IPUIPlugin:80 - create IPUIPlugin
2024-12-03 13:56:11,531 [INFO] PluginManager:220 - loadIPPluginJar : add gpio
2024-12-03 13:56:11,534 [INFO] IPUIPlugin:80 - create IPUIPlugin
2024-12-03 13:56:11,534 [INFO] PluginManager:220 - loadIPPluginJar : add ucpd
2024-12-03 13:56:11,543 [INFO] IPUIPlugin:80 - create IPUIPlugin
2024-12-03 13:56:11,543 [INFO] PluginManager:220 - loadIPPluginJar : add linkedlist
2024-12-03 13:56:11,545 [INFO] IPUIPlugin:80 - create IPUIPlugin
2024-12-03 13:56:11,546 [INFO] PluginManager:220 - loadIPPluginJar : add tim
2024-12-03 13:56:11,548 [INFO] IPUIPlugin:80 - create IPUIPlugin
2024-12-03 13:56:11,549 [INFO] PluginManager:220 - loadIPPluginJar : add aes
2024-12-03 13:56:11,551 [INFO] IPUIPlugin:80 - create IPUIPlugin
2024-12-03 13:56:11,551 [INFO] PluginManager:220 - loadIPPluginJar : add spi
2024-12-03 13:56:11,555 [INFO] IPUIPlugin:80 - create IPUIPlugin
2024-12-03 13:56:11,555 [INFO] PluginManager:220 - loadIPPluginJar : add sai
2024-12-03 13:56:11,560 [INFO] IPUIPlugin:80 - create IPUIPlugin
2024-12-03 13:56:11,560 [INFO] PluginManager:220 - loadIPPluginJar : add nvic
2024-12-03 13:56:11,563 [INFO] IPUIPlugin:80 - create IPUIPlugin
2024-12-03 13:56:11,563 [INFO] PluginManager:220 - loadIPPluginJar : add openamp
2024-12-03 13:56:11,571 [INFO] IPUIPlugin:80 - create IPUIPlugin
2024-12-03 13:56:11,574 [INFO] PluginManager:220 - loadIPPluginJar : add plateformsettings
2024-12-03 13:56:11,579 [INFO] IPUIPlugin:80 - create IPUIPlugin
2024-12-03 13:56:11,579 [INFO] PluginManager:220 - loadIPPluginJar : add freertos
2024-12-03 13:56:11,582 [INFO] IPUIPlugin:80 - create IPUIPlugin
2024-12-03 13:56:11,582 [INFO] PluginManager:220 - loadIPPluginJar : add can
2024-12-03 13:56:11,584 [INFO] IPUIPlugin:80 - create IPUIPlugin
2024-12-03 13:56:11,585 [INFO] PluginManager:220 - loadIPPluginJar : add dfsdm
2024-12-03 13:56:11,590 [INFO] IPUIPlugin:80 - create IPUIPlugin
2024-12-03 13:56:11,590 [INFO] PluginManager:220 - loadIPPluginJar : add fmc
2024-12-03 13:56:11,592 [INFO] IPUIPlugin:80 - create IPUIPlugin
2024-12-03 13:56:11,592 [INFO] PluginManager:220 - loadIPPluginJar : add fatfs
2024-12-03 13:56:11,594 [INFO] IPUIPlugin:80 - create IPUIPlugin
2024-12-03 13:56:11,595 [INFO] PluginManager:220 - loadIPPluginJar : add tracer_emb
2024-12-03 13:56:11,601 [INFO] IPUIPlugin:80 - create IPUIPlugin
2024-12-03 13:56:11,601 [INFO] PluginManager:220 - loadIPPluginJar : add dma
2024-12-03 13:56:11,604 [INFO] IPUIPlugin:80 - create IPUIPlugin
2024-12-03 13:56:11,604 [INFO] PluginManager:220 - loadIPPluginJar : add extmemmanager
2024-12-03 13:56:11,607 [INFO] IPUIPlugin:80 - create IPUIPlugin
2024-12-03 13:56:11,608 [INFO] PluginManager:220 - loadIPPluginJar : add i3c
2024-12-03 13:56:11,610 [INFO] IPUIPlugin:80 - create IPUIPlugin
2024-12-03 13:56:11,610 [INFO] PluginManager:220 - loadIPPluginJar : add gfxmmu
2024-12-03 13:56:11,613 [INFO] IPUIPlugin:80 - create IPUIPlugin
2024-12-03 13:56:11,613 [INFO] PluginManager:220 - loadIPPluginJar : add i2c
2024-12-03 13:56:11,619 [INFO] IPUIPlugin:80 - create IPUIPlugin
2024-12-03 13:56:11,619 [INFO] PluginManager:220 - loadIPPluginJar : add stm32_wpan
2024-12-03 13:56:11,626 [INFO] IPUIPlugin:80 - create IPUIPlugin
2024-12-03 13:56:11,626 [INFO] PluginManager:220 - loadIPPluginJar : add mdma
2024-12-03 13:56:11,629 [INFO] IPUIPlugin:80 - create IPUIPlugin
2024-12-03 13:56:11,629 [INFO] PluginManager:220 - loadIPPluginJar : add pdm2pcm
2024-12-03 13:56:11,633 [INFO] IPUIPlugin:80 - create IPUIPlugin
2024-12-03 13:56:11,633 [INFO] PluginManager:220 - loadIPPluginJar : add ipddr
2024-12-03 13:56:11,636 [INFO] IPUIPlugin:80 - create IPUIPlugin
2024-12-03 13:56:11,636 [INFO] PluginManager:220 - loadIPPluginJar : add opamp
2024-12-03 13:56:11,639 [INFO] IPUIPlugin:80 - create IPUIPlugin
2024-12-03 13:56:11,640 [INFO] PluginManager:220 - loadIPPluginJar : add gtzc
2024-12-03 13:56:11,641 [INFO] IPUIPlugin:80 - create IPUIPlugin
2024-12-03 13:56:11,641 [INFO] PluginManager:220 - loadIPPluginJar : add ltdc
2024-12-03 13:56:11,645 [INFO] IPUIPlugin:80 - create IPUIPlugin
2024-12-03 13:56:11,645 [INFO] PluginManager:220 - loadIPPluginJar : add usbx
2024-12-03 13:56:11,648 [INFO] IPUIPlugin:80 - create IPUIPlugin
2024-12-03 13:56:11,649 [INFO] PluginManager:220 - loadIPPluginJar : add hash
2024-12-03 13:56:11,651 [INFO] IPUIPlugin:80 - create IPUIPlugin
2024-12-03 13:56:11,651 [INFO] PluginManager:220 - loadIPPluginJar : add usart
2024-12-03 13:56:11,653 [INFO] IPUIPlugin:80 - create IPUIPlugin
2024-12-03 13:56:11,653 [INFO] PluginManager:220 - loadIPPluginJar : add tsc
2024-12-03 13:56:11,695 [INFO] IPUIPlugin:80 - create IPUIPlugin
2024-12-03 13:56:11,695 [INFO] PluginManager:220 - loadIPPluginJar : add resmgrutility
2024-12-03 13:56:11,698 [INFO] IPUIPlugin:80 - create IPUIPlugin
2024-12-03 13:56:11,698 [INFO] PluginManager:220 - loadIPPluginJar : add comp
2024-12-03 13:56:11,701 [INFO] IPUIPlugin:80 - create IPUIPlugin
2024-12-03 13:56:11,701 [INFO] PluginManager:220 - loadIPPluginJar : add i2s
2024-12-03 13:56:11,703 [INFO] IPUIPlugin:80 - create IPUIPlugin
2024-12-03 13:56:11,703 [INFO] PluginManager:220 - loadIPPluginJar : add genericplugin
2024-12-03 13:56:11,710 [INFO] IPUIPlugin:80 - create IPUIPlugin
2024-12-03 13:56:11,710 [INFO] PluginManager:220 - loadIPPluginJar : add adc
2024-12-03 13:56:11,822 [INFO] CADModel:165 - CPN selected for project level
2024-12-03 13:56:11,822 [INFO] CADModel:114 - Register for checkConnection events
2024-12-03 13:56:11,822 [FATAL] Updater:334 - Updater called before beeing initialized
2024-12-03 13:56:11,822 [ERROR] CADModel:125 - Updater not yet initialized, retry later 
2024-12-03 13:56:12,034 [INFO] CADModel:165 - CPN selected for project level
2024-12-03 13:56:12,034 [INFO] CADModel:114 - Register for checkConnection events
2024-12-03 13:56:12,034 [FATAL] Updater:334 - Updater called before beeing initialized
2024-12-03 13:56:12,034 [ERROR] CADModel:125 - Updater not yet initialized, retry later 
2024-12-03 13:56:12,039 [FATAL] Updater:334 - Updater called before beeing initialized
2024-12-03 13:56:12,147 [FATAL] Updater:334 - Updater called before beeing initialized
2024-12-03 13:56:12,152 [INFO] DbMcusAds:53 - JSON generation date=Fri Sep 20 15:04:23 CEST 2024 (1726837463113)
2024-12-03 13:56:12,152 [FATAL] Updater:334 - Updater called before beeing initialized
2024-12-03 13:56:12,202 [WARN] DetailPanel:346 - Failed to get advertising image, set to default
2024-12-03 13:56:12,314 [FATAL] Updater:334 - Updater called before beeing initialized
2024-12-03 13:56:12,315 [FATAL] Updater:334 - Updater called before beeing initialized
2024-12-03 13:56:12,316 [FATAL] Updater:334 - Updater called before beeing initialized
2024-12-03 13:56:12,316 [WARN] DetailPanel:346 - Failed to get advertising image, set to default
2024-12-03 13:56:12,317 [FATAL] Updater:334 - Updater called before beeing initialized
2024-12-03 13:56:12,367 [ERROR] Updater:1164 - MainUpdater not yet initialized. External WinMGr cannot be set.
2024-12-03 13:56:12,371 [INFO] Updater:1100 - Updater Version found : 6.12.1
2024-12-03 13:56:12,403 [INFO] ApplicationProperties:184 - Using Application install path: /opt/st/stm32cubeide_1.16.1/plugins/com.st.stm32cube.common.mx_6.12.1.202409122256
2024-12-03 13:56:12,803 [INFO] MainUpdater:2873 - connection check result : 10
2024-12-03 13:56:12,804 [INFO] MainUpdater:290 - Updater Check For Update Now.
2024-12-03 13:56:12,804 [INFO] MicroXplorer:498 - Change Database Version : DB.6.0.121
2024-12-03 13:56:12,812 [INFO] McuFinderGlobals:63 - Set McuFinder mode to 2 (CubeIDE integrated)
2024-12-03 13:56:12,813 [INFO] UserAuth:417 - Internet connection configuration mode: 1
2024-12-03 13:56:12,843 [INFO] JxBrowserEngine:152 - Initiate JxBrowser Engine with user profile folder
2024-12-03 13:56:13,048 [INFO] CheckServerUpdateThread:120 - End of CheckServer Thread
2024-12-03 13:56:15,314 [WARN] PackLoader:240 - Cannot read IP mode file for STMicroelectronics.FP-SNS-MOTENVWB1.1.4.0
2024-12-03 13:56:15,331 [WARN] PackLoader:240 - Cannot read IP mode file for STMicroelectronics.FP-ATR-ASTRA1.2.0.1
2024-12-03 13:56:15,336 [INFO] WebApp:167 - Instantiating new browser for Auth
2024-12-03 13:56:15,345 [WARN] PackLoader:240 - Cannot read IP mode file for STMicroelectronics.X-CUBE-SMBUS.2.1.0
2024-12-03 13:56:15,366 [WARN] PackLoader:240 - Cannot read IP mode file for STMicroelectronics.X-CUBE-WB05N.1.1.0
2024-12-03 13:56:15,442 [WARN] PackLoader:240 - Cannot read IP mode file for STMicroelectronics.X-CUBE-AZRTOS-F7.1.1.0
2024-12-03 13:56:15,672 [WARN] PackLoader:240 - Cannot read IP mode file for STMicroelectronics.X-CUBE-MEMS1.11.0.0
2024-12-03 13:56:16,042 [WARN] PackLoader:240 - Cannot read IP mode file for STMicroelectronics.FP-SNS-FLIGHT1.5.0.2
2024-12-03 13:56:16,085 [WARN] PackLoader:240 - Cannot read IP mode file for STMicroelectronics.X-CUBE-DISPLAY.3.0.0
2024-12-03 13:56:16,114 [WARN] PackLoader:240 - Cannot read IP mode file for STMicroelectronics.X-CUBE-BLE1.7.0.0
2024-12-03 13:56:16,137 [WARN] PackLoader:240 - Cannot read IP mode file for STMicroelectronics.X-CUBE-NFC10.1.0.0
2024-12-03 13:56:16,158 [WARN] PackLoader:240 - Cannot read IP mode file for emotas.I-CUBE-CANOPEN.1.3.0
2024-12-03 13:56:16,186 [WARN] PackLoader:240 - Cannot read IP mode file for STMicroelectronics.X-CUBE-BLEMGR.3.1.0
2024-12-03 13:56:16,202 [WARN] PackLoader:240 - Cannot read IP mode file for STMicroelectronics.FP-SNS-SMARTAG2.1.2.0
2024-12-03 13:56:16,259 [INFO] LogOutputStream:77 - [STDOUT_REDIRECT] 1 : Invalid condition id : UX_CORESTACK_Condition cause : null
2024-12-03 13:56:16,262 [INFO] LogOutputStream:77 - [STDOUT_REDIRECT] 1 : Invalid condition id : UX_CORESTACK_Condition cause : null
2024-12-03 13:56:16,263 [INFO] LogOutputStream:77 - [STDOUT_REDIRECT] 1 : Invalid condition id : UX_CORESTACK_Condition cause : null
2024-12-03 13:56:16,263 [INFO] LogOutputStream:77 - [STDOUT_REDIRECT] 1 : Invalid condition id : UX_CORESTACK_Condition cause : null
2024-12-03 13:56:16,264 [INFO] LogOutputStream:77 - [STDOUT_REDIRECT] 1 : Invalid condition id : UX_CORESTACK_Condition cause : null
2024-12-03 13:56:16,273 [WARN] PackLoader:240 - Cannot read IP mode file for STMicroelectronics.X-CUBE-AZRTOS-WL.2.0.0
2024-12-03 13:56:16,292 [WARN] PackLoader:240 - Cannot read IP mode file for STMicroelectronics.FP-SNS-MOTENV1.5.0.0
2024-12-03 13:56:16,306 [WARN] PackLoader:240 - Cannot read IP mode file for wolfSSL.I-CUBE-wolfMQTT.1.19.0
2024-12-03 13:56:16,342 [WARN] PackLoader:240 - Cannot read IP mode file for WES.I-CUBE-Cesium.1.3.0
2024-12-03 13:56:16,363 [WARN] PackLoader:240 - Cannot read IP mode file for STMicroelectronics.X-CUBE-BLE2.3.3.0
2024-12-03 13:56:16,384 [WARN] PackLoader:240 - Cannot read IP mode file for STMicroelectronics.X-CUBE-NFC9.1.0.0
2024-12-03 13:56:16,431 [WARN] PackLoader:240 - Cannot read IP mode file for STMicroelectronics.X-CUBE-TCPP.4.1.0
2024-12-03 13:56:16,484 [WARN] PackLoader:240 - Cannot read IP mode file for STMicroelectronics.X-CUBE-AZRTOS-G0.1.1.0
2024-12-03 13:56:16,512 [WARN] PackLoader:240 - Cannot read IP mode file for STMicroelectronics.X-CUBE-SAFEA1.1.2.2
2024-12-03 13:56:16,531 [WARN] PackLoader:240 - Cannot read IP mode file for STMicroelectronics.X-CUBE-NFC4.3.0.0
2024-12-03 13:56:16,572 [WARN] PackLoader:240 - Cannot read IP mode file for EmbeddedOffice.I-CUBE-FS-RTOS.1.0.1
2024-12-03 13:56:16,575 [ERROR] ConditionMgr:805 - Attr not supported : Dmpu
2024-12-03 13:56:16,576 [ERROR] ConditionMgr:805 - Attr not supported : Dmpu
2024-12-03 13:56:16,576 [ERROR] ConditionMgr:805 - Attr not supported : Dmpu
2024-12-03 13:56:16,576 [ERROR] ConditionMgr:805 - Attr not supported : Dmpu
2024-12-03 13:56:16,576 [ERROR] ConditionMgr:805 - Attr not supported : Dmpu
2024-12-03 13:56:16,576 [ERROR] ConditionMgr:805 - Attr not supported : Dmpu
2024-12-03 13:56:16,576 [ERROR] ConditionMgr:805 - Attr not supported : Dmpu
2024-12-03 13:56:16,576 [ERROR] ConditionMgr:805 - Attr not supported : Dmpu
2024-12-03 13:56:16,576 [ERROR] ConditionMgr:805 - Attr not supported : Dmpu
2024-12-03 13:56:16,577 [ERROR] ConditionMgr:805 - Attr not supported : Dmpu
2024-12-03 13:56:16,577 [ERROR] ConditionMgr:805 - Attr not supported : Dmpu
2024-12-03 13:56:16,577 [ERROR] ConditionMgr:805 - Attr not supported : Dmpu
2024-12-03 13:56:16,577 [ERROR] ConditionMgr:805 - Attr not supported : Dmpu
2024-12-03 13:56:16,577 [ERROR] ConditionMgr:805 - Attr not supported : Dmpu
2024-12-03 13:56:16,577 [ERROR] ConditionMgr:805 - Attr not supported : Dmpu
2024-12-03 13:56:16,578 [ERROR] ConditionMgr:805 - Attr not supported : Dmpu
2024-12-03 13:56:16,578 [ERROR] ConditionMgr:805 - Attr not supported : Dmpu
2024-12-03 13:56:16,578 [ERROR] ConditionMgr:805 - Attr not supported : Dmpu
2024-12-03 13:56:16,578 [ERROR] ConditionMgr:805 - Attr not supported : Dmpu
2024-12-03 13:56:16,578 [ERROR] ConditionMgr:805 - Attr not supported : Dmpu
2024-12-03 13:56:16,578 [ERROR] ConditionMgr:805 - Attr not supported : Dmpu
2024-12-03 13:56:16,578 [ERROR] ConditionMgr:805 - Attr not supported : Dmpu
2024-12-03 13:56:16,581 [ERROR] ConditionMgr:805 - Attr not supported : Dmpu
2024-12-03 13:56:16,582 [ERROR] ConditionMgr:805 - Attr not supported : Dmpu
2024-12-03 13:56:16,582 [ERROR] ConditionMgr:805 - Attr not supported : Dmpu
2024-12-03 13:56:16,582 [ERROR] ConditionMgr:805 - Attr not supported : Dmpu
2024-12-03 13:56:16,582 [ERROR] ConditionMgr:805 - Attr not supported : Dmpu
2024-12-03 13:56:16,582 [ERROR] ConditionMgr:805 - Attr not supported : Dmpu
2024-12-03 13:56:16,582 [ERROR] ConditionMgr:805 - Attr not supported : Dmpu
2024-12-03 13:56:16,582 [ERROR] ConditionMgr:805 - Attr not supported : Dmpu
2024-12-03 13:56:16,583 [ERROR] ConditionMgr:805 - Attr not supported : Dmpu
2024-12-03 13:56:16,583 [ERROR] ConditionMgr:805 - Attr not supported : Dmpu
2024-12-03 13:56:16,583 [ERROR] ConditionMgr:805 - Attr not supported : Dmpu
2024-12-03 13:56:16,583 [ERROR] ConditionMgr:805 - Attr not supported : Dmpu
2024-12-03 13:56:16,583 [ERROR] ConditionMgr:805 - Attr not supported : Dmpu
2024-12-03 13:56:16,583 [ERROR] ConditionMgr:805 - Attr not supported : Dmpu
2024-12-03 13:56:16,583 [ERROR] ConditionMgr:805 - Attr not supported : Dmpu
2024-12-03 13:56:16,584 [ERROR] ConditionMgr:805 - Attr not supported : Dmpu
2024-12-03 13:56:16,584 [ERROR] ConditionMgr:805 - Attr not supported : Dmpu
2024-12-03 13:56:16,584 [ERROR] ConditionMgr:805 - Attr not supported : Dmpu
2024-12-03 13:56:16,584 [ERROR] ConditionMgr:805 - Attr not supported : Dmpu
2024-12-03 13:56:16,587 [ERROR] ConditionMgr:805 - Attr not supported : Dmpu
2024-12-03 13:56:16,588 [ERROR] ConditionMgr:805 - Attr not supported : Dmpu
2024-12-03 13:56:16,588 [ERROR] ConditionMgr:805 - Attr not supported : Dmpu
2024-12-03 13:56:16,588 [ERROR] ConditionMgr:805 - Attr not supported : Dmpu
2024-12-03 13:56:16,588 [ERROR] ConditionMgr:805 - Attr not supported : Dmpu
2024-12-03 13:56:16,588 [ERROR] ConditionMgr:805 - Attr not supported : Dmpu
2024-12-03 13:56:16,588 [ERROR] ConditionMgr:805 - Attr not supported : Dmpu
2024-12-03 13:56:16,588 [ERROR] ConditionMgr:805 - Attr not supported : Dmpu
2024-12-03 13:56:16,589 [ERROR] ConditionMgr:805 - Attr not supported : Dmpu
2024-12-03 13:56:16,589 [ERROR] ConditionMgr:805 - Attr not supported : Dmpu
2024-12-03 13:56:16,589 [ERROR] ConditionMgr:805 - Attr not supported : Dmpu
2024-12-03 13:56:16,589 [ERROR] ConditionMgr:805 - Attr not supported : Dmpu
2024-12-03 13:56:16,589 [ERROR] ConditionMgr:805 - Attr not supported : Dmpu
2024-12-03 13:56:16,589 [ERROR] ConditionMgr:805 - Attr not supported : Dmpu
2024-12-03 13:56:16,589 [ERROR] ConditionMgr:805 - Attr not supported : Dmpu
2024-12-03 13:56:16,589 [ERROR] ConditionMgr:805 - Attr not supported : Dmpu
2024-12-03 13:56:16,590 [ERROR] ConditionMgr:805 - Attr not supported : Dmpu
2024-12-03 13:56:16,590 [ERROR] ConditionMgr:805 - Attr not supported : Dmpu
2024-12-03 13:56:16,590 [ERROR] ConditionMgr:805 - Attr not supported : Dmpu
2024-12-03 13:56:16,590 [ERROR] ConditionMgr:805 - Attr not supported : Dmpu
2024-12-03 13:56:16,590 [ERROR] ConditionMgr:805 - Attr not supported : Dmpu
2024-12-03 13:56:16,593 [ERROR] ConditionMgr:805 - Attr not supported : Dmpu
2024-12-03 13:56:16,594 [ERROR] ConditionMgr:805 - Attr not supported : Dmpu
2024-12-03 13:56:16,605 [WARN] PackLoader:240 - Cannot read IP mode file for RealThread.X-CUBE-RT-Thread_Nano.4.1.1
2024-12-03 13:56:16,616 [WARN] PackLoader:240 - Cannot read IP mode file for STMicroelectronics.FP-ATR-SIGFOX1.3.2.0
2024-12-03 13:56:16,624 [WARN] PackLoader:240 - Cannot read IP mode file for wolfSSL.I-CUBE-wolfSSL.5.7.2
2024-12-03 13:56:16,630 [WARN] ConditionMgr:438 - getConditionDescription Invalid condition id : Cortex-A Device cause : null
2024-12-03 13:56:16,655 [WARN] ConditionMgr:1039 - genDependencies : Invalid condition id : Cortex-A Device cause : null
2024-12-03 13:56:16,655 [WARN] ConditionMgr:1039 - genDependencies : Invalid condition id : Cortex-A Device cause : null
2024-12-03 13:56:16,656 [WARN] ConditionMgr:1039 - genDependencies : Invalid condition id : Cortex-A Device cause : null
2024-12-03 13:56:16,663 [WARN] PackLoader:240 - Cannot read IP mode file for STMicroelectronics.X-CUBE-EEPRMA1.5.1.0
2024-12-03 13:56:16,672 [WARN] PackLoader:240 - Cannot read IP mode file for ITTIA_DB.I-CUBE-ITTIADB.8.9.0
2024-12-03 13:56:16,716 [WARN] PackLoader:240 - Cannot read IP mode file for SEGGER.I-CUBE-embOS.1.3.1
2024-12-03 13:56:16,812 [WARN] PackLoader:240 - Cannot read IP mode file for STMicroelectronics.X-CUBE-ALGOBUILD.1.4.0
2024-12-03 13:56:16,817 [WARN] PackLoader:240 - Cannot read IP mode file for STMicroelectronics.X-CUBE-AI.9.1.0
2024-12-03 13:56:16,842 [WARN] PackLoader:240 - Cannot read IP mode file for STMicroelectronics.X-CUBE-AZRTOS-F4.1.1.0
2024-12-03 13:56:16,853 [WARN] PackLoader:240 - Cannot read IP mode file for STMicroelectronics.X-CUBE-ISPU.2.1.0
2024-12-03 13:56:16,865 [WARN] PackLoader:240 - Cannot read IP mode file for STMicroelectronics.X-CUBE-FREERTOS.1.2.0
2024-12-03 13:56:16,890 [WARN] PackLoader:240 - Cannot read IP mode file for STMicroelectronics.X-CUBE-AZRTOS-L5.2.0.0
2024-12-03 13:56:16,906 [WARN] PackLoader:240 - Cannot read IP mode file for STMicroelectronics.X-CUBE-NFC6.3.1.0
2024-12-03 13:56:16,917 [WARN] PackLoader:240 - Cannot read IP mode file for STMicroelectronics.X-CUBE-DPower.1.2.0
2024-12-03 13:56:16,925 [WARN] PackLoader:240 - Cannot read IP mode file for STMicroelectronics.X-CUBE-NFC7.1.0.1
2024-12-03 13:56:16,956 [WARN] ConditionMgr:438 - getConditionDescription Invalid condition id : LAN8742 Phy interface Condition cause : null
2024-12-03 13:56:16,957 [WARN] PackLoader:240 - Cannot read IP mode file for STMicroelectronics.X-CUBE-AZRTOS-L4.2.0.0
2024-12-03 13:56:16,959 [WARN] ConditionMgr:1039 - genDependencies : Invalid condition id : LAN8742 Phy interface Condition cause : null
2024-12-03 13:56:16,959 [WARN] ConditionMgr:1039 - genDependencies : Invalid condition id : LAN8742 Phy interface Condition cause : null
2024-12-03 13:56:16,961 [WARN] ConditionMgr:1039 - genDependencies : Invalid condition id : LAN8742 Phy interface Condition cause : null
2024-12-03 13:56:16,978 [WARN] PackLoader:240 - Cannot read IP mode file for STMicroelectronics.X-CUBE-SFXS2LP1.4.0.0
2024-12-03 13:56:17,044 [WARN] PackLoader:240 - Cannot read IP mode file for STMicroelectronics.X-CUBE-AZRTOS-H7.3.3.0
2024-12-03 13:56:17,083 [WARN] PackLoader:240 - Cannot read IP mode file for STMicroelectronics.X-CUBE-IPS.3.0.0
2024-12-03 13:56:17,126 [WARN] ConditionMgr:438 - getConditionDescription Invalid condition id : UX DEVICE CLASS RTOS Condition cause : null
2024-12-03 13:56:17,127 [WARN] ConditionMgr:438 - getConditionDescription Invalid condition id : UX DEVICE CLASS RTOS Condition cause : null
2024-12-03 13:56:17,130 [WARN] PackLoader:240 - Cannot read IP mode file for STMicroelectronics.X-CUBE-AZRTOS-WB.2.0.0
2024-12-03 13:56:17,131 [WARN] ConditionMgr:1039 - genDependencies : Invalid condition id : UX DEVICE CLASS RTOS Condition cause : null
2024-12-03 13:56:17,132 [WARN] ConditionMgr:1039 - genDependencies : Invalid condition id : UX DEVICE CLASS RTOS Condition cause : null
2024-12-03 13:56:17,132 [WARN] ConditionMgr:1039 - genDependencies : Invalid condition id : UX DEVICE CLASS RTOS Condition cause : null
2024-12-03 13:56:17,142 [WARN] ConditionMgr:1039 - genDependencies : Invalid condition id : UX DEVICE CLASS RTOS Condition cause : null
2024-12-03 13:56:17,142 [WARN] ConditionMgr:1039 - genDependencies : Invalid condition id : UX DEVICE CLASS RTOS Condition cause : null
2024-12-03 13:56:17,156 [WARN] PackLoader:240 - Cannot read IP mode file for STMicroelectronics.X-CUBE-GNSS1.7.0.0
2024-12-03 13:56:17,176 [WARN] PackLoader:240 - Cannot read IP mode file for STMicroelectronics.FP-SNS-STBOX1.2.0.0
2024-12-03 13:56:17,216 [WARN] PackLoader:240 - Cannot read IP mode file for STMicroelectronics.X-CUBE-SUBG2.5.0.0
2024-12-03 13:56:17,246 [WARN] PackLoader:240 - Cannot read IP mode file for Cesanta.I-CUBE-Mongoose.7.13.0
2024-12-03 13:56:17,278 [WARN] PackLoader:240 - Cannot read IP mode file for STMicroelectronics.X-CUBE-AZRTOS-G4.2.0.0
2024-12-03 13:56:17,290 [WARN] PackLoader:240 - Cannot read IP mode file for STMicroelectronics.X-CUBE-ALS.1.0.2
2024-12-03 13:56:17,298 [WARN] PackLoader:240 - Cannot read IP mode file for STMicroelectronics.X-CUBE-TOUCHGFX.4.24.1
2024-12-03 13:56:17,308 [WARN] PackLoader:240 - Cannot read IP mode file for wolfSSL.I-CUBE-wolfTPM.3.4.0
2024-12-03 13:56:17,325 [WARN] PackLoader:240 - Cannot read IP mode file for portGmbH.I-Cube-SoM-uGOAL.1.1.0
2024-12-03 13:56:17,382 [WARN] PackLoader:240 - Cannot read IP mode file for STMicroelectronics.X-CUBE-AZRTOS-H7RS.1.0.0
2024-12-03 13:56:17,398 [WARN] PackLoader:240 - Cannot read IP mode file for STMicroelectronics.FP-ATR-ASTRA1.2.0.0
2024-12-03 13:56:17,450 [WARN] PackLoader:240 - Cannot read IP mode file for STMicroelectronics.X-CUBE-TOF1.3.4.2
2024-12-03 13:56:17,598 [WARN] PackLoader:240 - Cannot read IP mode file for Infineon.AIROC-Wi-Fi-Bluetooth-STM32.1.6.1
2024-12-03 13:56:17,615 [WARN] PackLoader:240 - Cannot read IP mode file for wolfSSL.I-CUBE-wolfSSH.1.4.17
2024-12-03 13:56:17,615 [INFO] ThirdParty:978 - Integrity check success = true
2024-12-03 13:56:17,616 [INFO] IntegrityCheckThread:100 - exiting critical section [integrity check]
2024-12-03 13:56:17,616 [INFO] IntegrityCheckThread:103 - End integrity checks thread
2024-12-03 13:56:17,897 [INFO] WebApp:448 - Apply proxy settings
2024-12-03 13:56:17,898 [INFO] WebApp:533 - Chromium requires no authentication
2024-12-03 13:56:17,941 [INFO] WebApp:476 - Direct internet connection detected
2024-12-03 13:56:17,982 [INFO] WebApp:869 - Register for checkConnection events
2024-12-03 13:56:17,982 [INFO] WebApp:448 - Apply proxy settings
2024-12-03 13:56:17,983 [INFO] WebApp:533 - Chromium requires no authentication
2024-12-03 13:56:17,983 [INFO] WebApp:476 - Direct internet connection detected
2024-12-03 13:56:18,411 [INFO] WebApp:220 - Starting web application
2024-12-03 13:56:18,411 [INFO] WebApp:578 - Web application path used /opt/st/stm32cubeide_1.16.1/plugins/com.st.stm32cube.common.mx_6.12.1.202409122256/db/plugins/mcufinder/reactClient1/index.html
2024-12-03 13:56:18,593 [INFO] UserAuth:417 - Internet connection configuration mode: 1
2024-12-03 13:56:19,864 [INFO] WebApp:186 - Connection restablished
